[sft] steps=300 batch=2 accum=8 lr=0.0002 lora_r=16
[step    0] loss=3.2908 lr=1.33e-05 |g|=5.22
[step   10] loss=2.3098 lr=1.47e-04 |g|=1.24
[step   20] loss=2.1592 lr=2.00e-04 |g|=0.82
[step   30] loss=1.9603 lr=1.99e-04 |g|=0.69
[step   40] loss=1.9339 lr=1.97e-04 |g|=0.66
[step   50] loss=1.9524 lr=1.93e-04 |g|=0.71
[step   60] loss=1.8634 lr=1.89e-04 |g|=0.73
[step   70] loss=1.8454 lr=1.84e-04 |g|=0.74
[step   80] loss=1.8482 lr=1.78e-04 |g|=0.74
[step   90] loss=1.8571 lr=1.71e-04 |g|=0.79
[step  100] loss=1.8292 lr=1.63e-04 |g|=0.80
[step  110] loss=1.8050 lr=1.55e-04 |g|=0.78
[step  120] loss=1.8375 lr=1.46e-04 |g|=0.76
[step  130] loss=1.9279 lr=1.37e-04 |g|=0.83
[step  140] loss=1.8681 lr=1.27e-04 |g|=0.81
[step  150] loss=1.8466 lr=1.17e-04 |g|=0.80
[step  160] loss=1.8362 lr=1.08e-04 |g|=0.83
[step  170] loss=1.7811 lr=9.76e-05 |g|=0.78
[step  180] loss=1.6993 lr=8.79e-05 |g|=0.85
[step  190] loss=1.7980 lr=7.84e-05 |g|=0.85
[step  200] loss=1.7670 lr=6.94e-05 |g|=0.87
[step  210] loss=1.7479 lr=6.08e-05 |g|=0.94
[step  220] loss=1.7814 lr=5.28e-05 |g|=0.87
[step  230] loss=1.8087 lr=4.55e-05 |g|=0.91
[step  240] loss=1.7725 lr=3.90e-05 |g|=0.88
[step  250] loss=1.8911 lr=3.33e-05 |g|=0.87
[step  260] loss=1.7130 lr=2.86e-05 |g|=0.91
[step  270] loss=1.8393 lr=2.49e-05 |g|=0.89
[step  280] loss=1.7129 lr=2.22e-05 |g|=0.86
[step  290] loss=1.7500 lr=2.05e-05 |g|=0.89
[step  299] loss=1.7410 lr=2.00e-05 |g|=0.82
[done] 300 steps 650s (2166ms/step); loss 3.263→1.764
[vram] 峰值 8126 MB
[save] projector+lora → checkpoints/vlm_stage2_lora