[sft] steps=500 batch=1 accum=16 lr=0.0002 lora_r=16
[step    0] loss=2.8755 lr=1.00e-05 |g|=4.67
[step   10] loss=2.1918 lr=1.10e-04 |g|=1.13
[step   20] loss=1.8097 lr=2.00e-04 |g|=0.73
[step   30] loss=1.7324 lr=2.00e-04 |g|=0.81
[step   40] loss=1.8172 lr=1.99e-04 |g|=0.58
[step   50] loss=1.8942 lr=1.98e-04 |g|=0.63
[step   60] loss=1.8671 lr=1.97e-04 |g|=0.60
[step   70] loss=1.8552 lr=1.95e-04 |g|=0.72
[step   80] loss=1.7599 lr=1.93e-04 |g|=0.67
[step   90] loss=1.7061 lr=1.91e-04 |g|=0.67
[step  100] loss=1.8949 lr=1.88e-04 |g|=0.74
[step  110] loss=1.7874 lr=1.85e-04 |g|=0.71
[step  120] loss=1.8457 lr=1.81e-04 |g|=0.69
[step  130] loss=1.6461 lr=1.78e-04 |g|=0.63
[step  140] loss=1.7977 lr=1.74e-04 |g|=0.84
[step  150] loss=1.6162 lr=1.69e-04 |g|=0.65
[step  160] loss=1.6147 lr=1.65e-04 |g|=0.69
[step  170] loss=1.6330 lr=1.60e-04 |g|=0.70
[step  180] loss=1.6599 lr=1.55e-04 |g|=0.67
[step  190] loss=1.6636 lr=1.50e-04 |g|=0.58
[step  200] loss=1.6637 lr=1.44e-04 |g|=0.78
[step  210] loss=1.6940 lr=1.39e-04 |g|=0.71
[step  220] loss=1.7146 lr=1.33e-04 |g|=0.72
[step  230] loss=1.6893 lr=1.28e-04 |g|=0.71
[step  240] loss=1.6147 lr=1.22e-04 |g|=0.69
[step  250] loss=1.6521 lr=1.16e-04 |g|=0.67
[step  260] loss=1.6661 lr=1.10e-04 |g|=0.69
[step  270] loss=1.5691 lr=1.04e-04 |g|=0.69
[step  280] loss=1.7030 lr=9.83e-05 |g|=0.72
[step  290] loss=1.8218 lr=9.24e-05 |g|=0.78
[step  300] loss=1.6353 lr=8.67e-05 |g|=0.67
[step  310] loss=1.5814 lr=8.11e-05 |g|=0.66
[step  320] loss=1.5847 lr=7.56e-05 |g|=0.68
[step  330] loss=1.4407 lr=7.02e-05 |g|=0.66
[step  340] loss=1.5067 lr=6.50e-05 |g|=0.77
[step  350] loss=1.5565 lr=6.00e-05 |g|=0.72
[step  360] loss=1.5479 lr=5.52e-05 |g|=0.77
[step  370] loss=1.6036 lr=5.07e-05 |g|=0.75
[step  380] loss=1.5717 lr=4.64e-05 |g|=0.82
[step  390] loss=1.5358 lr=4.23e-05 |g|=0.79
[step  400] loss=1.5948 lr=3.86e-05 |g|=0.71
[step  410] loss=1.5418 lr=3.52e-05 |g|=0.79
[step  420] loss=1.6535 lr=3.21e-05 |g|=0.69
[step  430] loss=1.6566 lr=2.93e-05 |g|=0.78
[step  440] loss=1.5661 lr=2.69e-05 |g|=0.80
[step  450] loss=1.6136 lr=2.48e-05 |g|=0.73
[step  460] loss=1.6382 lr=2.31e-05 |g|=0.72
[step  470] loss=1.6171 lr=2.17e-05 |g|=0.77
[step  480] loss=1.6041 lr=2.08e-05 |g|=0.80
[step  490] loss=1.5064 lr=2.02e-05 |g|=0.71
[step  499] loss=1.5603 lr=2.00e-05 |g|=0.78
[done] 500 steps 1063s (2125ms/step); loss 2.938→1.560
[vram] 峰值 7163 MB
[save] projector+lora → checkpoints/vlm_stage2_mix