[env] device=cuda, dtype=bf16
[model] projector trainable: 3.94M
[data]  4500 samples, batch=4, steps=1400, lr=0.001
[train] grad_accum=4, 有效 batch=16
[step   0] loss=6.1314  lr=3.33e-04  |grad|=19.250
[step   1] loss=5.4269  lr=6.67e-04  |grad|=16.625
[step   2] loss=6.8688  lr=1.00e-03  |grad|=250.000
[step   3] loss=7.3850  lr=1.00e-03  |grad|=27.625
[step   4] loss=5.8342  lr=1.00e-03  |grad|=9.688
[step   5] loss=4.7469  lr=1.00e-03  |grad|=7.938
[step   6] loss=4.7078  lr=1.00e-03  |grad|=4.469
[step   7] loss=4.7191  lr=1.00e-03  |grad|=3.469
[step   8] loss=4.4668  lr=1.00e-03  |grad|=2.250
[step   9] loss=4.3479  lr=1.00e-03  |grad|=5.719
[step  10] loss=4.0488  lr=1.00e-03  |grad|=1.414
[step  11] loss=3.7528  lr=1.00e-03  |grad|=1.375
[step  12] loss=4.0927  lr=1.00e-03  |grad|=1.516
[step  13] loss=4.1750  lr=1.00e-03  |grad|=10.000
[step  14] loss=3.7461  lr=1.00e-03  |grad|=1.984
[step  15] loss=3.8553  lr=1.00e-03  |grad|=1.016
[step  16] loss=3.7953  lr=1.00e-03  |grad|=1.078
[step  17] loss=4.0011  lr=1.00e-03  |grad|=1.125
[step  18] loss=3.8873  lr=1.00e-03  |grad|=0.848
[step  19] loss=4.1067  lr=1.00e-03  |grad|=0.906
[step  20] loss=3.8040  lr=1.00e-03  |grad|=0.793
[step  21] loss=3.4766  lr=1.00e-03  |grad|=0.656
[step  22] loss=3.4506  lr=1.00e-03  |grad|=0.746
[step  23] loss=3.6727  lr=1.00e-03  |grad|=0.598
[step  24] loss=3.5017  lr=9.99e-04  |grad|=0.684
[step  25] loss=3.4150  lr=9.99e-04  |grad|=0.668
[step  26] loss=3.7155  lr=9.99e-04  |grad|=0.730
[step  27] loss=3.6284  lr=9.99e-04  |grad|=0.723
[step  28] loss=3.5171  lr=9.99e-04  |grad|=0.773
[step  29] loss=3.4078  lr=9.99e-04  |grad|=0.781
[step  30] loss=3.6321  lr=9.99e-04  |grad|=0.625
[step  31] loss=3.2846  lr=9.99e-04  |grad|=0.750
[step  32] loss=3.6834  lr=9.99e-04  |grad|=1.211
[step  33] loss=3.6604  lr=9.99e-04  |grad|=0.652
[step  34] loss=3.9286  lr=9.99e-04  |grad|=0.656
[step  35] loss=3.1216  lr=9.99e-04  |grad|=0.617
[step  36] loss=4.0289  lr=9.99e-04  |grad|=0.676
[step  37] loss=3.1699  lr=9.99e-04  |grad|=0.613
[step  38] loss=3.4762  lr=9.99e-04  |grad|=1.859
[step  39] loss=3.4349  lr=9.99e-04  |grad|=0.594
[step  40] loss=3.4096  lr=9.98e-04  |grad|=0.539
[step  41] loss=3.4382  lr=9.98e-04  |grad|=0.516
[step  42] loss=3.5367  lr=9.98e-04  |grad|=0.660
[step  43] loss=3.2396  lr=9.98e-04  |grad|=0.500
[step  44] loss=3.2017  lr=9.98e-04  |grad|=0.539
[step  45] loss=3.4852  lr=9.98e-04  |grad|=0.602
[step  46] loss=3.2566  lr=9.98e-04  |grad|=0.719
[step  47] loss=3.5971  lr=9.98e-04  |grad|=0.652
[step  48] loss=3.4642  lr=9.98e-04  |grad|=0.816
[step  49] loss=3.6208  lr=9.98e-04  |grad|=0.805
[step  50] loss=3.5667  lr=9.97e-04  |grad|=0.547
[step  51] loss=3.6405  lr=9.97e-04  |grad|=0.570
[step  52] loss=3.3270  lr=9.97e-04  |grad|=0.676
[step  53] loss=3.3064  lr=9.97e-04  |grad|=0.539
[step  54] loss=3.2020  lr=9.97e-04  |grad|=0.559
[step  55] loss=3.4012  lr=9.97e-04  |grad|=0.516
[step  56] loss=3.5521  lr=9.97e-04  |grad|=0.527
[step  57] loss=3.2943  lr=9.97e-04  |grad|=0.656
[step  58] loss=3.2952  lr=9.97e-04  |grad|=0.668
[step  59] loss=3.5221  lr=9.96e-04  |grad|=0.582
[step  60] loss=3.1461  lr=9.96e-04  |grad|=0.684
[step  61] loss=3.2009  lr=9.96e-04  |grad|=0.531
[step  62] loss=3.1472  lr=9.96e-04  |grad|=0.648
[step  63] loss=3.6722  lr=9.96e-04  |grad|=0.734
[step  64] loss=3.3138  lr=9.96e-04  |grad|=0.785
[step  65] loss=3.1921  lr=9.96e-04  |grad|=0.598
[step  66] loss=3.6917  lr=9.95e-04  |grad|=0.816
[step  67] loss=3.2953  lr=9.95e-04  |grad|=0.641
[step  68] loss=3.2397  lr=9.95e-04  |grad|=0.750
[step  69] loss=3.0331  lr=9.95e-04  |grad|=0.531
[step  70] loss=3.4662  lr=9.95e-04  |grad|=0.625
[step  71] loss=3.0058  lr=9.95e-04  |grad|=0.469
[step  72] loss=3.0359  lr=9.95e-04  |grad|=0.490
[step  73] loss=3.1854  lr=9.94e-04  |grad|=0.430
[step  74] loss=3.1038  lr=9.94e-04  |grad|=0.586
[step  75] loss=3.3552  lr=9.94e-04  |grad|=0.504
[step  76] loss=3.2702  lr=9.94e-04  |grad|=0.488
[step  77] loss=3.1700  lr=9.94e-04  |grad|=0.496
[step  78] loss=3.2748  lr=9.94e-04  |grad|=0.805
[step  79] loss=3.5711  lr=9.93e-04  |grad|=0.605
[step  80] loss=3.0631  lr=9.93e-04  |grad|=0.527
[step  81] loss=3.1614  lr=9.93e-04  |grad|=0.480
[step  82] loss=3.4156  lr=9.93e-04  |grad|=0.633
[step  83] loss=3.1015  lr=9.93e-04  |grad|=0.715
[step  84] loss=2.9984  lr=9.93e-04  |grad|=0.629
[step  85] loss=3.0792  lr=9.92e-04  |grad|=0.566
[step  86] loss=3.1016  lr=9.92e-04  |grad|=0.486
[step  87] loss=2.7974  lr=9.92e-04  |grad|=0.559
[step  88] loss=3.2202  lr=9.92e-04  |grad|=0.582
[step  89] loss=2.9916  lr=9.92e-04  |grad|=0.539
[step  90] loss=3.1500  lr=9.91e-04  |grad|=0.516
[step  91] loss=3.1284  lr=9.91e-04  |grad|=0.570
[step  92] loss=3.4171  lr=9.91e-04  |grad|=0.566
[step  93] loss=3.0601  lr=9.91e-04  |grad|=0.609
[step  94] loss=3.5379  lr=9.91e-04  |grad|=0.602
[step  95] loss=3.1216  lr=9.90e-04  |grad|=0.535
[step  96] loss=3.1402  lr=9.90e-04  |grad|=0.551
[step  97] loss=3.0386  lr=9.90e-04  |grad|=0.621
[step  98] loss=3.0663  lr=9.90e-04  |grad|=0.543
[step  99] loss=3.2414  lr=9.90e-04  |grad|=0.746
           └ val_loss=3.2484 ← best
[step 100] loss=3.0349  lr=9.89e-04  |grad|=0.648
[step 101] loss=3.1879  lr=9.89e-04  |grad|=0.617
[step 102] loss=3.2369  lr=9.89e-04  |grad|=0.562
[step 103] loss=3.2247  lr=9.89e-04  |grad|=0.711
[step 104] loss=3.1825  lr=9.88e-04  |grad|=0.688
[step 105] loss=3.0758  lr=9.88e-04  |grad|=0.680
[step 106] loss=2.7586  lr=9.88e-04  |grad|=0.566
[step 107] loss=3.0874  lr=9.88e-04  |grad|=0.582
[step 108] loss=3.0505  lr=9.88e-04  |grad|=0.523
[step 109] loss=3.1514  lr=9.87e-04  |grad|=0.562
[step 110] loss=3.1309  lr=9.87e-04  |grad|=0.707
[step 111] loss=3.2662  lr=9.87e-04  |grad|=0.910
[step 112] loss=2.9677  lr=9.87e-04  |grad|=0.699
[step 113] loss=3.1945  lr=9.86e-04  |grad|=0.676
[step 114] loss=2.8171  lr=9.86e-04  |grad|=0.570
[step 115] loss=3.1033  lr=9.86e-04  |grad|=0.602
[step 116] loss=3.2035  lr=9.86e-04  |grad|=0.598
[step 117] loss=3.0213  lr=9.85e-04  |grad|=0.625
[step 118] loss=3.1170  lr=9.85e-04  |grad|=0.672
[step 119] loss=2.7026  lr=9.85e-04  |grad|=0.555
[step 120] loss=2.5746  lr=9.85e-04  |grad|=0.498
[step 121] loss=3.1329  lr=9.84e-04  |grad|=0.512
[step 122] loss=2.9797  lr=9.84e-04  |grad|=0.629
[step 123] loss=2.8749  lr=9.84e-04  |grad|=0.691
[step 124] loss=3.2674  lr=9.83e-04  |grad|=0.570
[step 125] loss=2.8837  lr=9.83e-04  |grad|=0.832
[step 126] loss=2.8557  lr=9.83e-04  |grad|=0.449
[step 127] loss=3.0528  lr=9.83e-04  |grad|=0.594
[step 128] loss=3.1212  lr=9.82e-04  |grad|=0.605
[step 129] loss=3.0014  lr=9.82e-04  |grad|=0.520
[step 130] loss=3.2799  lr=9.82e-04  |grad|=0.625
[step 131] loss=3.2364  lr=9.81e-04  |grad|=0.486
[step 132] loss=2.7995  lr=9.81e-04  |grad|=0.578
[step 133] loss=2.8220  lr=9.81e-04  |grad|=0.539
[step 134] loss=3.1007  lr=9.81e-04  |grad|=0.613
[step 135] loss=3.3412  lr=9.80e-04  |grad|=0.719
[step 136] loss=2.6792  lr=9.80e-04  |grad|=0.574
[step 137] loss=3.0745  lr=9.80e-04  |grad|=0.586
[step 138] loss=3.0013  lr=9.79e-04  |grad|=0.578
[step 139] loss=3.1395  lr=9.79e-04  |grad|=0.664
[step 140] loss=2.8658  lr=9.79e-04  |grad|=0.559
[step 141] loss=2.9163  lr=9.79e-04  |grad|=0.836
[step 142] loss=2.9197  lr=9.78e-04  |grad|=0.770
[step 143] loss=2.8356  lr=9.78e-04  |grad|=0.574
[step 144] loss=3.1979  lr=9.78e-04  |grad|=0.738
[step 145] loss=2.7735  lr=9.77e-04  |grad|=0.641
[step 146] loss=3.1673  lr=9.77e-04  |grad|=0.766
[step 147] loss=3.2196  lr=9.77e-04  |grad|=0.555
[step 148] loss=2.6907  lr=9.76e-04  |grad|=0.672
[step 149] loss=2.9311  lr=9.76e-04  |grad|=0.656
[step 150] loss=2.8965  lr=9.76e-04  |grad|=0.562
[step 151] loss=3.0689  lr=9.75e-04  |grad|=0.527
[step 152] loss=2.9045  lr=9.75e-04  |grad|=0.539
[step 153] loss=3.1177  lr=9.75e-04  |grad|=0.793
[step 154] loss=2.8734  lr=9.74e-04  |grad|=0.852
[step 155] loss=2.9008  lr=9.74e-04  |grad|=0.648
[step 156] loss=2.9418  lr=9.74e-04  |grad|=0.754
[step 157] loss=3.3685  lr=9.73e-04  |grad|=0.734
[step 158] loss=2.9313  lr=9.73e-04  |grad|=0.770
[step 159] loss=2.7496  lr=9.73e-04  |grad|=0.551
[step 160] loss=2.6248  lr=9.72e-04  |grad|=2.047
[step 161] loss=2.9248  lr=9.72e-04  |grad|=0.691
[step 162] loss=3.4125  lr=9.72e-04  |grad|=0.859
[step 163] loss=3.5523  lr=9.71e-04  |grad|=0.801
[step 164] loss=3.1736  lr=9.71e-04  |grad|=0.621
[step 165] loss=3.2471  lr=9.70e-04  |grad|=0.711
[step 166] loss=2.9532  lr=9.70e-04  |grad|=0.590
[step 167] loss=2.8609  lr=9.70e-04  |grad|=0.703
[step 168] loss=2.9302  lr=9.69e-04  |grad|=0.625
[step 169] loss=2.7241  lr=9.69e-04  |grad|=0.613
[step 170] loss=3.0662  lr=9.69e-04  |grad|=0.539
[step 171] loss=2.7456  lr=9.68e-04  |grad|=0.490
[step 172] loss=3.1985  lr=9.68e-04  |grad|=0.586
[step 173] loss=2.7237  lr=9.68e-04  |grad|=0.551
[step 174] loss=3.0590  lr=9.67e-04  |grad|=0.625
[step 175] loss=3.1809  lr=9.67e-04  |grad|=0.766
[step 176] loss=2.7184  lr=9.66e-04  |grad|=0.535
[step 177] loss=2.9900  lr=9.66e-04  |grad|=0.535
[step 178] loss=3.0032  lr=9.66e-04  |grad|=0.633
[step 179] loss=3.2104  lr=9.65e-04  |grad|=0.594
[step 180] loss=2.9060  lr=9.65e-04  |grad|=0.482
[step 181] loss=2.7819  lr=9.64e-04  |grad|=0.656
[step 182] loss=2.6944  lr=9.64e-04  |grad|=0.953
[step 183] loss=3.3251  lr=9.64e-04  |grad|=0.660
[step 184] loss=2.9172  lr=9.63e-04  |grad|=0.699
[step 185] loss=3.0088  lr=9.63e-04  |grad|=0.555
[step 186] loss=3.3926  lr=9.62e-04  |grad|=0.695
[step 187] loss=3.1783  lr=9.62e-04  |grad|=0.531
[step 188] loss=2.9462  lr=9.62e-04  |grad|=0.699
[step 189] loss=2.8962  lr=9.61e-04  |grad|=0.641
[step 190] loss=2.8433  lr=9.61e-04  |grad|=0.531
[step 191] loss=3.2963  lr=9.60e-04  |grad|=0.559
[step 192] loss=2.9669  lr=9.60e-04  |grad|=0.547
[step 193] loss=2.8165  lr=9.60e-04  |grad|=0.494
[step 194] loss=3.0229  lr=9.59e-04  |grad|=0.605
[step 195] loss=2.8002  lr=9.59e-04  |grad|=0.516
[step 196] loss=2.7877  lr=9.58e-04  |grad|=0.562
[step 197] loss=2.8078  lr=9.58e-04  |grad|=0.559
[step 198] loss=3.0804  lr=9.57e-04  |grad|=0.594
[step 199] loss=2.6763  lr=9.57e-04  |grad|=0.453
           └ val_loss=3.0406 ← best
[step 200] loss=3.2134  lr=9.57e-04  |grad|=0.656
[step 201] loss=3.0768  lr=9.56e-04  |grad|=0.625
[step 202] loss=2.7444  lr=9.56e-04  |grad|=0.463
[step 203] loss=3.1122  lr=9.55e-04  |grad|=0.609
[step 204] loss=3.0980  lr=9.55e-04  |grad|=0.750
[step 205] loss=2.8815  lr=9.54e-04  |grad|=0.648
[step 206] loss=2.9102  lr=9.54e-04  |grad|=0.598
[step 207] loss=3.1063  lr=9.53e-04  |grad|=0.711
[step 208] loss=3.1974  lr=9.53e-04  |grad|=0.633
[step 209] loss=3.0025  lr=9.53e-04  |grad|=0.598
[step 210] loss=2.6887  lr=9.52e-04  |grad|=0.578
[step 211] loss=2.6774  lr=9.52e-04  |grad|=0.668
[step 212] loss=2.9481  lr=9.51e-04  |grad|=0.688
[step 213] loss=3.0024  lr=9.51e-04  |grad|=0.680
[step 214] loss=3.1466  lr=9.50e-04  |grad|=0.594
[step 215] loss=2.7469  lr=9.50e-04  |grad|=0.559
[step 216] loss=2.8966  lr=9.49e-04  |grad|=0.656
[step 217] loss=2.6980  lr=9.49e-04  |grad|=0.539
[step 218] loss=3.0650  lr=9.48e-04  |grad|=0.547
[step 219] loss=3.0726  lr=9.48e-04  |grad|=0.719
[step 220] loss=2.8440  lr=9.47e-04  |grad|=0.516
[step 221] loss=3.0303  lr=9.47e-04  |grad|=0.551
[step 222] loss=2.9001  lr=9.47e-04  |grad|=0.582
[step 223] loss=3.0230  lr=9.46e-04  |grad|=0.648
[step 224] loss=2.8196  lr=9.46e-04  |grad|=0.520
[step 225] loss=2.9994  lr=9.45e-04  |grad|=0.863
[step 226] loss=2.8434  lr=9.45e-04  |grad|=0.574
[step 227] loss=2.9026  lr=9.44e-04  |grad|=0.629
[step 228] loss=3.1983  lr=9.44e-04  |grad|=0.637
[step 229] loss=2.8469  lr=9.43e-04  |grad|=0.523
[step 230] loss=2.8041  lr=9.43e-04  |grad|=0.555
[step 231] loss=2.9478  lr=9.42e-04  |grad|=0.773
[step 232] loss=2.7701  lr=9.42e-04  |grad|=0.484
[step 233] loss=2.7697  lr=9.41e-04  |grad|=0.531
[step 234] loss=2.8411  lr=9.41e-04  |grad|=0.812
[step 235] loss=2.5522  lr=9.40e-04  |grad|=0.512
[step 236] loss=2.9526  lr=9.40e-04  |grad|=0.730
[step 237] loss=3.1264  lr=9.39e-04  |grad|=0.711
[step 238] loss=2.7090  lr=9.39e-04  |grad|=0.566
[step 239] loss=3.0499  lr=9.38e-04  |grad|=0.586
[step 240] loss=3.0250  lr=9.38e-04  |grad|=0.660
[step 241] loss=3.0197  lr=9.37e-04  |grad|=0.699
[step 242] loss=3.1192  lr=9.37e-04  |grad|=0.562
[step 243] loss=2.9944  lr=9.36e-04  |grad|=0.637
[step 244] loss=2.6025  lr=9.36e-04  |grad|=0.566
[step 245] loss=2.8886  lr=9.35e-04  |grad|=0.633
[step 246] loss=2.8190  lr=9.34e-04  |grad|=0.625
[step 247] loss=2.8320  lr=9.34e-04  |grad|=0.590
[step 248] loss=2.5675  lr=9.33e-04  |grad|=0.516
[step 249] loss=2.9235  lr=9.33e-04  |grad|=0.613
[step 250] loss=2.7407  lr=9.32e-04  |grad|=0.555
[step 251] loss=2.8684  lr=9.32e-04  |grad|=0.551
[step 252] loss=2.6688  lr=9.31e-04  |grad|=0.496
[step 253] loss=2.6873  lr=9.31e-04  |grad|=0.475
[step 254] loss=2.7738  lr=9.30e-04  |grad|=0.555
[step 255] loss=2.7705  lr=9.30e-04  |grad|=0.566
[step 256] loss=2.7942  lr=9.29e-04  |grad|=0.609
[step 257] loss=2.8143  lr=9.29e-04  |grad|=0.684
[step 258] loss=2.9559  lr=9.28e-04  |grad|=0.629
[step 259] loss=2.6119  lr=9.27e-04  |grad|=0.562
[step 260] loss=2.7489  lr=9.27e-04  |grad|=0.719
[step 261] loss=2.6637  lr=9.26e-04  |grad|=0.547
[step 262] loss=2.9144  lr=9.26e-04  |grad|=0.574
[step 263] loss=3.0153  lr=9.25e-04  |grad|=0.609
[step 264] loss=2.9195  lr=9.25e-04  |grad|=0.680
[step 265] loss=2.6851  lr=9.24e-04  |grad|=0.680
[step 266] loss=2.7456  lr=9.24e-04  |grad|=0.609
[step 267] loss=3.0236  lr=9.23e-04  |grad|=0.570
[step 268] loss=2.8765  lr=9.22e-04  |grad|=0.605
[step 269] loss=2.8919  lr=9.22e-04  |grad|=0.512
[step 270] loss=2.7895  lr=9.21e-04  |grad|=0.629
[step 271] loss=2.7424  lr=9.21e-04  |grad|=0.543
[step 272] loss=2.8901  lr=9.20e-04  |grad|=0.617
[step 273] loss=2.8537  lr=9.20e-04  |grad|=0.676
[step 274] loss=3.0100  lr=9.19e-04  |grad|=0.598
[step 275] loss=2.9471  lr=9.18e-04  |grad|=0.762
[step 276] loss=3.0302  lr=9.18e-04  |grad|=0.660
[step 277] loss=3.0932  lr=9.17e-04  |grad|=0.574
[step 278] loss=2.5906  lr=9.17e-04  |grad|=0.531
[step 279] loss=2.6907  lr=9.16e-04  |grad|=0.594
[step 280] loss=2.7833  lr=9.15e-04  |grad|=0.482
[step 281] loss=2.7490  lr=9.15e-04  |grad|=0.555
[step 282] loss=2.5163  lr=9.14e-04  |grad|=0.512
[step 283] loss=3.3509  lr=9.14e-04  |grad|=0.590
[step 284] loss=2.5520  lr=9.13e-04  |grad|=0.508
[step 285] loss=2.6756  lr=9.13e-04  |grad|=0.594
[step 286] loss=2.5093  lr=9.12e-04  |grad|=0.490
[step 287] loss=2.5725  lr=9.11e-04  |grad|=0.617
[step 288] loss=2.7028  lr=9.11e-04  |grad|=0.605
[step 289] loss=2.9268  lr=9.10e-04  |grad|=0.730
[step 290] loss=2.8663  lr=9.09e-04  |grad|=0.664
[step 291] loss=2.7770  lr=9.09e-04  |grad|=0.719
[step 292] loss=2.3072  lr=9.08e-04  |grad|=0.617
[step 293] loss=2.5701  lr=9.08e-04  |grad|=0.609
[step 294] loss=2.5435  lr=9.07e-04  |grad|=0.566
[step 295] loss=3.1727  lr=9.06e-04  |grad|=0.734
[step 296] loss=2.5766  lr=9.06e-04  |grad|=0.633
[step 297] loss=2.6818  lr=9.05e-04  |grad|=0.570
[step 298] loss=2.6849  lr=9.05e-04  |grad|=0.699
[step 299] loss=2.8917  lr=9.04e-04  |grad|=0.703
           └ val_loss=3.0229 ← best
[step 300] loss=2.5720  lr=9.03e-04  |grad|=0.590
[step 301] loss=2.7362  lr=9.03e-04  |grad|=0.629
[step 302] loss=2.7759  lr=9.02e-04  |grad|=0.664
[step 303] loss=2.7740  lr=9.01e-04  |grad|=0.668
[step 304] loss=2.9067  lr=9.01e-04  |grad|=0.816
[step 305] loss=2.5629  lr=9.00e-04  |grad|=0.645
[step 306] loss=2.6260  lr=9.00e-04  |grad|=0.621
[step 307] loss=2.7331  lr=8.99e-04  |grad|=0.629
[step 308] loss=2.5608  lr=8.98e-04  |grad|=0.648
[step 309] loss=2.5388  lr=8.98e-04  |grad|=0.648
[step 310] loss=2.9859  lr=8.97e-04  |grad|=0.824
[step 311] loss=2.4494  lr=8.96e-04  |grad|=0.680
[step 312] loss=2.9022  lr=8.96e-04  |grad|=0.574
[step 313] loss=2.7062  lr=8.95e-04  |grad|=0.633
[step 314] loss=2.6780  lr=8.94e-04  |grad|=0.797
[step 315] loss=2.8945  lr=8.94e-04  |grad|=0.609
[step 316] loss=2.5383  lr=8.93e-04  |grad|=0.688
[step 317] loss=2.7950  lr=8.92e-04  |grad|=0.609
[step 318] loss=2.6683  lr=8.92e-04  |grad|=0.590
[step 319] loss=2.8734  lr=8.91e-04  |grad|=0.617
[step 320] loss=2.9283  lr=8.90e-04  |grad|=0.637
[step 321] loss=2.7383  lr=8.90e-04  |grad|=0.715
[step 322] loss=2.5766  lr=8.89e-04  |grad|=0.703
[step 323] loss=2.5233  lr=8.88e-04  |grad|=0.660
[step 324] loss=2.9849  lr=8.88e-04  |grad|=0.633
[step 325] loss=2.7304  lr=8.87e-04  |grad|=0.805
[step 326] loss=3.0065  lr=8.86e-04  |grad|=0.820
[step 327] loss=2.9181  lr=8.86e-04  |grad|=0.621
[step 328] loss=2.6937  lr=8.85e-04  |grad|=0.605
[step 329] loss=2.8580  lr=8.84e-04  |grad|=0.559
[step 330] loss=2.5608  lr=8.84e-04  |grad|=0.785
[step 331] loss=2.5412  lr=8.83e-04  |grad|=0.594
[step 332] loss=2.6702  lr=8.82e-04  |grad|=0.648
[step 333] loss=2.6235  lr=8.82e-04  |grad|=0.664
[step 334] loss=2.6060  lr=8.81e-04  |grad|=0.609
[step 335] loss=3.0636  lr=8.80e-04  |grad|=0.652
[step 336] loss=2.3781  lr=8.80e-04  |grad|=0.527
[step 337] loss=2.8096  lr=8.79e-04  |grad|=0.586
[step 338] loss=2.6263  lr=8.78e-04  |grad|=0.602
[step 339] loss=2.8495  lr=8.78e-04  |grad|=0.680
[step 340] loss=2.8082  lr=8.77e-04  |grad|=0.801
[step 341] loss=2.7118  lr=8.76e-04  |grad|=0.684
[step 342] loss=2.6380  lr=8.75e-04  |grad|=0.570
[step 343] loss=2.5210  lr=8.75e-04  |grad|=0.562
[step 344] loss=2.4316  lr=8.74e-04  |grad|=0.566
[step 345] loss=2.7131  lr=8.73e-04  |grad|=0.598
[step 346] loss=2.6849  lr=8.73e-04  |grad|=0.664
[step 347] loss=2.7652  lr=8.72e-04  |grad|=0.602
[step 348] loss=2.7304  lr=8.71e-04  |grad|=0.656
[step 349] loss=3.1269  lr=8.71e-04  |grad|=0.750
[step 350] loss=2.7012  lr=8.70e-04  |grad|=0.781
[step 351] loss=2.8540  lr=8.69e-04  |grad|=0.809
[step 352] loss=2.6630  lr=8.68e-04  |grad|=0.730
[step 353] loss=2.8952  lr=8.68e-04  |grad|=0.773
[step 354] loss=2.7449  lr=8.67e-04  |grad|=0.668
[step 355] loss=2.5270  lr=8.66e-04  |grad|=0.641
[step 356] loss=2.4366  lr=8.66e-04  |grad|=0.656
[step 357] loss=2.5620  lr=8.65e-04  |grad|=0.703
[step 358] loss=2.8033  lr=8.64e-04  |grad|=0.699
[step 359] loss=3.0962  lr=8.63e-04  |grad|=0.828
[step 360] loss=2.7657  lr=8.63e-04  |grad|=0.684
[step 361] loss=2.8839  lr=8.62e-04  |grad|=0.656
[step 362] loss=2.8961  lr=8.61e-04  |grad|=0.617
[step 363] loss=2.4323  lr=8.60e-04  |grad|=0.590
[step 364] loss=2.8853  lr=8.60e-04  |grad|=0.648
[step 365] loss=2.5952  lr=8.59e-04  |grad|=0.574
[step 366] loss=2.5689  lr=8.58e-04  |grad|=0.586
[step 367] loss=2.4641  lr=8.57e-04  |grad|=0.490
[step 368] loss=2.9229  lr=8.57e-04  |grad|=0.574
[step 369] loss=2.6811  lr=8.56e-04  |grad|=0.543
[step 370] loss=2.8260  lr=8.55e-04  |grad|=0.574
[step 371] loss=2.9563  lr=8.55e-04  |grad|=0.617
[step 372] loss=2.4690  lr=8.54e-04  |grad|=0.531
[step 373] loss=3.0403  lr=8.53e-04  |grad|=0.629
[step 374] loss=2.6012  lr=8.52e-04  |grad|=0.500
[step 375] loss=2.6800  lr=8.52e-04  |grad|=0.586
[step 376] loss=2.3024  lr=8.51e-04  |grad|=0.520
[step 377] loss=2.9132  lr=8.50e-04  |grad|=0.898
[step 378] loss=2.8611  lr=8.49e-04  |grad|=0.555
[step 379] loss=2.8768  lr=8.48e-04  |grad|=0.668
[step 380] loss=2.9949  lr=8.48e-04  |grad|=0.566
[step 381] loss=2.5570  lr=8.47e-04  |grad|=0.570
[step 382] loss=2.5771  lr=8.46e-04  |grad|=0.633
[step 383] loss=2.5355  lr=8.45e-04  |grad|=0.531
[step 384] loss=2.6008  lr=8.45e-04  |grad|=0.527
[step 385] loss=2.5424  lr=8.44e-04  |grad|=0.555
[step 386] loss=2.6923  lr=8.43e-04  |grad|=0.656
[step 387] loss=2.3471  lr=8.42e-04  |grad|=0.664
[step 388] loss=2.5188  lr=8.42e-04  |grad|=0.508
[step 389] loss=2.7988  lr=8.41e-04  |grad|=0.824
[step 390] loss=2.4215  lr=8.40e-04  |grad|=0.613
[step 391] loss=2.7374  lr=8.39e-04  |grad|=0.660
[step 392] loss=2.5594  lr=8.39e-04  |grad|=0.656
[step 393] loss=2.6346  lr=8.38e-04  |grad|=0.738
[step 394] loss=2.6131  lr=8.37e-04  |grad|=0.656
[step 395] loss=2.5208  lr=8.36e-04  |grad|=0.719
[step 396] loss=2.8426  lr=8.35e-04  |grad|=0.703
[step 397] loss=2.9042  lr=8.35e-04  |grad|=0.699
[step 398] loss=2.7437  lr=8.34e-04  |grad|=0.688
[step 399] loss=2.4785  lr=8.33e-04  |grad|=0.590
           └ val_loss=2.8882 ← best
[step 400] loss=2.4353  lr=8.32e-04  |grad|=0.629
[step 401] loss=2.5891  lr=8.31e-04  |grad|=0.648
[step 402] loss=2.6239  lr=8.31e-04  |grad|=0.645
[step 403] loss=2.9866  lr=8.30e-04  |grad|=0.699
[step 404] loss=2.6293  lr=8.29e-04  |grad|=0.590
[step 405] loss=2.6444  lr=8.28e-04  |grad|=0.762
[step 406] loss=2.7287  lr=8.28e-04  |grad|=0.695
[step 407] loss=2.5110  lr=8.27e-04  |grad|=0.637
[step 408] loss=2.7110  lr=8.26e-04  |grad|=0.727
[step 409] loss=2.4227  lr=8.25e-04  |grad|=0.598
[step 410] loss=2.4431  lr=8.24e-04  |grad|=0.633
[step 411] loss=2.6986  lr=8.24e-04  |grad|=0.621
[step 412] loss=2.7860  lr=8.23e-04  |grad|=0.633
[step 413] loss=2.4954  lr=8.22e-04  |grad|=0.652
[step 414] loss=2.3871  lr=8.21e-04  |grad|=0.602
[step 415] loss=2.6180  lr=8.20e-04  |grad|=0.633
[step 416] loss=2.8328  lr=8.19e-04  |grad|=0.754
[step 417] loss=2.6509  lr=8.19e-04  |grad|=0.609
[step 418] loss=2.5131  lr=8.18e-04  |grad|=0.652
[step 419] loss=2.3737  lr=8.17e-04  |grad|=0.703
[step 420] loss=2.4628  lr=8.16e-04  |grad|=0.715
[step 421] loss=2.8378  lr=8.15e-04  |grad|=0.582
[step 422] loss=2.7891  lr=8.15e-04  |grad|=0.727
[step 423] loss=2.1944  lr=8.14e-04  |grad|=0.496
[step 424] loss=2.8195  lr=8.13e-04  |grad|=0.648
[step 425] loss=2.8220  lr=8.12e-04  |grad|=0.664
[step 426] loss=2.8697  lr=8.11e-04  |grad|=0.660
[step 427] loss=2.4704  lr=8.10e-04  |grad|=0.496
[step 428] loss=2.8698  lr=8.10e-04  |grad|=0.648
[step 429] loss=2.4038  lr=8.09e-04  |grad|=0.711
[step 430] loss=3.0423  lr=8.08e-04  |grad|=0.727
[step 431] loss=2.8885  lr=8.07e-04  |grad|=0.582
[step 432] loss=2.9906  lr=8.06e-04  |grad|=0.594
[step 433] loss=2.7450  lr=8.06e-04  |grad|=0.695
[step 434] loss=2.4531  lr=8.05e-04  |grad|=0.562
[step 435] loss=2.7260  lr=8.04e-04  |grad|=0.570
[step 436] loss=2.6630  lr=8.03e-04  |grad|=0.578
[step 437] loss=2.7088  lr=8.02e-04  |grad|=0.766
[step 438] loss=2.5930  lr=8.01e-04  |grad|=0.691
[step 439] loss=2.9953  lr=8.00e-04  |grad|=0.695
[step 440] loss=2.6534  lr=8.00e-04  |grad|=0.570
[step 441] loss=2.5849  lr=7.99e-04  |grad|=0.637
[step 442] loss=2.8673  lr=7.98e-04  |grad|=0.680
[step 443] loss=2.5066  lr=7.97e-04  |grad|=0.562
[step 444] loss=2.8339  lr=7.96e-04  |grad|=0.621
[step 445] loss=2.5977  lr=7.95e-04  |grad|=0.574
[step 446] loss=2.8353  lr=7.95e-04  |grad|=0.617
[step 447] loss=2.8950  lr=7.94e-04  |grad|=0.598
[step 448] loss=2.6387  lr=7.93e-04  |grad|=0.512
[step 449] loss=2.7820  lr=7.92e-04  |grad|=0.590
[step 450] loss=2.9493  lr=7.91e-04  |grad|=0.676
[step 451] loss=2.4502  lr=7.90e-04  |grad|=0.555
[step 452] loss=2.4172  lr=7.89e-04  |grad|=0.555
[step 453] loss=2.6112  lr=7.89e-04  |grad|=0.641
[step 454] loss=2.8654  lr=7.88e-04  |grad|=0.637
[step 455] loss=2.7790  lr=7.87e-04  |grad|=0.605
[step 456] loss=2.6829  lr=7.86e-04  |grad|=0.605
[step 457] loss=2.6406  lr=7.85e-04  |grad|=0.543
[step 458] loss=2.8743  lr=7.84e-04  |grad|=0.672
[step 459] loss=2.4859  lr=7.83e-04  |grad|=0.594
[step 460] loss=2.8737  lr=7.83e-04  |grad|=0.633
[step 461] loss=2.7726  lr=7.82e-04  |grad|=0.598
[step 462] loss=2.7909  lr=7.81e-04  |grad|=0.641
[step 463] loss=2.6291  lr=7.80e-04  |grad|=0.613
[step 464] loss=3.0179  lr=7.79e-04  |grad|=0.625
[step 465] loss=2.4275  lr=7.78e-04  |grad|=0.562
[step 466] loss=2.5676  lr=7.77e-04  |grad|=0.652
[step 467] loss=2.6382  lr=7.76e-04  |grad|=0.664
[step 468] loss=2.6774  lr=7.76e-04  |grad|=0.633
[step 469] loss=2.5850  lr=7.75e-04  |grad|=0.539
[step 470] loss=2.6713  lr=7.74e-04  |grad|=0.648
[step 471] loss=2.6380  lr=7.73e-04  |grad|=0.664
[step 472] loss=2.5300  lr=7.72e-04  |grad|=0.629
[step 473] loss=2.5969  lr=7.71e-04  |grad|=0.625
[step 474] loss=2.5968  lr=7.70e-04  |grad|=0.719
[step 475] loss=2.6398  lr=7.69e-04  |grad|=0.656
[step 476] loss=2.8990  lr=7.69e-04  |grad|=0.742
[step 477] loss=2.4314  lr=7.68e-04  |grad|=0.594
[step 478] loss=2.9038  lr=7.67e-04  |grad|=0.691
[step 479] loss=2.5858  lr=7.66e-04  |grad|=0.727
[step 480] loss=2.8640  lr=7.65e-04  |grad|=0.672
[step 481] loss=2.9130  lr=7.64e-04  |grad|=0.613
[step 482] loss=2.3993  lr=7.63e-04  |grad|=0.660
[step 483] loss=2.6715  lr=7.62e-04  |grad|=0.602
[step 484] loss=2.9143  lr=7.61e-04  |grad|=0.633
[step 485] loss=2.6929  lr=7.61e-04  |grad|=0.660
[step 486] loss=2.5163  lr=7.60e-04  |grad|=0.574
[step 487] loss=2.3750  lr=7.59e-04  |grad|=0.629
[step 488] loss=2.6230  lr=7.58e-04  |grad|=0.617
[step 489] loss=2.9891  lr=7.57e-04  |grad|=0.688
[step 490] loss=2.8137  lr=7.56e-04  |grad|=0.621
[step 491] loss=3.0427  lr=7.55e-04  |grad|=0.754
[step 492] loss=2.7794  lr=7.54e-04  |grad|=0.621
[step 493] loss=2.4902  lr=7.53e-04  |grad|=0.625
[step 494] loss=2.7045  lr=7.52e-04  |grad|=0.570
[step 495] loss=2.6771  lr=7.52e-04  |grad|=0.648
[step 496] loss=2.5917  lr=7.51e-04  |grad|=0.621
[step 497] loss=2.3940  lr=7.50e-04  |grad|=0.574
[step 498] loss=2.6359  lr=7.49e-04  |grad|=0.609
[step 499] loss=2.6367  lr=7.48e-04  |grad|=0.727
           └ val_loss=3.0625
[step 500] loss=2.6777  lr=7.47e-04  |grad|=0.625
[step 501] loss=2.4411  lr=7.46e-04  |grad|=0.621
[step 502] loss=2.7492  lr=7.45e-04  |grad|=0.594
[step 503] loss=2.7275  lr=7.44e-04  |grad|=0.770
[step 504] loss=2.5265  lr=7.43e-04  |grad|=0.648
[step 505] loss=2.7653  lr=7.42e-04  |grad|=0.645
[step 506] loss=2.8167  lr=7.42e-04  |grad|=0.781
[step 507] loss=2.4419  lr=7.41e-04  |grad|=0.621
[step 508] loss=2.9009  lr=7.40e-04  |grad|=0.594
[step 509] loss=2.5372  lr=7.39e-04  |grad|=0.602
[step 510] loss=2.4813  lr=7.38e-04  |grad|=0.629
[step 511] loss=2.5732  lr=7.37e-04  |grad|=0.602
[step 512] loss=2.6324  lr=7.36e-04  |grad|=0.633
[step 513] loss=2.7157  lr=7.35e-04  |grad|=0.652
[step 514] loss=2.6123  lr=7.34e-04  |grad|=0.621
[step 515] loss=2.9039  lr=7.33e-04  |grad|=0.633
[step 516] loss=2.9239  lr=7.32e-04  |grad|=0.625
[step 517] loss=3.1286  lr=7.31e-04  |grad|=0.688
[step 518] loss=2.4962  lr=7.30e-04  |grad|=0.566
[step 519] loss=2.8741  lr=7.30e-04  |grad|=0.629
[step 520] loss=3.0479  lr=7.29e-04  |grad|=0.699
[step 521] loss=2.8903  lr=7.28e-04  |grad|=0.645
[step 522] loss=2.8392  lr=7.27e-04  |grad|=0.582
[step 523] loss=2.5549  lr=7.26e-04  |grad|=0.512
[step 524] loss=2.8523  lr=7.25e-04  |grad|=0.613
[step 525] loss=2.5621  lr=7.24e-04  |grad|=0.535
[step 526] loss=2.9100  lr=7.23e-04  |grad|=0.633
[step 527] loss=2.5541  lr=7.22e-04  |grad|=0.535
[step 528] loss=2.4739  lr=7.21e-04  |grad|=0.527
[step 529] loss=2.7125  lr=7.20e-04  |grad|=0.621
[step 530] loss=2.7103  lr=7.19e-04  |grad|=0.582
[step 531] loss=2.5167  lr=7.18e-04  |grad|=0.641
[step 532] loss=2.4950  lr=7.17e-04  |grad|=0.633
[step 533] loss=2.6969  lr=7.16e-04  |grad|=0.633
[step 534] loss=2.6695  lr=7.16e-04  |grad|=0.613
[step 535] loss=2.5815  lr=7.15e-04  |grad|=0.586
[step 536] loss=2.5278  lr=7.14e-04  |grad|=0.578
[step 537] loss=2.6277  lr=7.13e-04  |grad|=0.578
[step 538] loss=2.5784  lr=7.12e-04  |grad|=0.551
[step 539] loss=3.0587  lr=7.11e-04  |grad|=0.625
[step 540] loss=2.7605  lr=7.10e-04  |grad|=0.699
[step 541] loss=2.6955  lr=7.09e-04  |grad|=0.574
[step 542] loss=2.6853  lr=7.08e-04  |grad|=0.660
[step 543] loss=2.7248  lr=7.07e-04  |grad|=0.875
[step 544] loss=2.7289  lr=7.06e-04  |grad|=0.691
[step 545] loss=2.7045  lr=7.05e-04  |grad|=0.688
[step 546] loss=2.6889  lr=7.04e-04  |grad|=0.637
[step 547] loss=2.7428  lr=7.03e-04  |grad|=0.629
[step 548] loss=2.6949  lr=7.02e-04  |grad|=0.609
[step 549] loss=2.6382  lr=7.01e-04  |grad|=0.566
[step 550] loss=2.5720  lr=7.00e-04  |grad|=0.613
[step 551] loss=2.6027  lr=6.99e-04  |grad|=0.652
[step 552] loss=2.7909  lr=6.98e-04  |grad|=0.715
[step 553] loss=2.3537  lr=6.97e-04  |grad|=0.531
[step 554] loss=2.8054  lr=6.97e-04  |grad|=0.750
[step 555] loss=2.4899  lr=6.96e-04  |grad|=0.594
[step 556] loss=2.9287  lr=6.95e-04  |grad|=0.711
[step 557] loss=2.8706  lr=6.94e-04  |grad|=0.605
[step 558] loss=2.8986  lr=6.93e-04  |grad|=0.719
[step 559] loss=2.5707  lr=6.92e-04  |grad|=0.555
[step 560] loss=2.5108  lr=6.91e-04  |grad|=0.641
[step 561] loss=2.4516  lr=6.90e-04  |grad|=0.590
[step 562] loss=2.5005  lr=6.89e-04  |grad|=0.602
[step 563] loss=2.5514  lr=6.88e-04  |grad|=0.621
[step 564] loss=2.5223  lr=6.87e-04  |grad|=0.656
[step 565] loss=2.2494  lr=6.86e-04  |grad|=0.613
[step 566] loss=2.1050  lr=6.85e-04  |grad|=0.543
[step 567] loss=2.5500  lr=6.84e-04  |grad|=0.672
[step 568] loss=2.2643  lr=6.83e-04  |grad|=0.633
[step 569] loss=2.3825  lr=6.82e-04  |grad|=0.656
[step 570] loss=2.2350  lr=6.81e-04  |grad|=0.707
[step 571] loss=2.5017  lr=6.80e-04  |grad|=0.730
[step 572] loss=2.7146  lr=6.79e-04  |grad|=0.754
[step 573] loss=2.1400  lr=6.78e-04  |grad|=0.738
[step 574] loss=2.5837  lr=6.77e-04  |grad|=0.785
[step 575] loss=2.3039  lr=6.76e-04  |grad|=0.742
[step 576] loss=2.4336  lr=6.75e-04  |grad|=0.730
[step 577] loss=2.2269  lr=6.74e-04  |grad|=0.641
[step 578] loss=2.0978  lr=6.73e-04  |grad|=0.715
[step 579] loss=2.7216  lr=6.72e-04  |grad|=0.762
[step 580] loss=2.5453  lr=6.71e-04  |grad|=0.840
[step 581] loss=2.4900  lr=6.70e-04  |grad|=0.793
[step 582] loss=2.5670  lr=6.69e-04  |grad|=0.703
[step 583] loss=2.5546  lr=6.69e-04  |grad|=0.773
[step 584] loss=2.5735  lr=6.68e-04  |grad|=0.801
[step 585] loss=2.7314  lr=6.67e-04  |grad|=0.922
[step 586] loss=2.5015  lr=6.66e-04  |grad|=0.680
[step 587] loss=2.3003  lr=6.65e-04  |grad|=0.703
[step 588] loss=2.3429  lr=6.64e-04  |grad|=0.762
[step 589] loss=2.6921  lr=6.63e-04  |grad|=0.742
[step 590] loss=2.3768  lr=6.62e-04  |grad|=0.688
[step 591] loss=2.6774  lr=6.61e-04  |grad|=0.750
[step 592] loss=2.4042  lr=6.60e-04  |grad|=0.859
[step 593] loss=2.3050  lr=6.59e-04  |grad|=0.680
[step 594] loss=2.2690  lr=6.58e-04  |grad|=0.832
[step 595] loss=2.5491  lr=6.57e-04  |grad|=0.652
[step 596] loss=2.3686  lr=6.56e-04  |grad|=0.867
[step 597] loss=2.3247  lr=6.55e-04  |grad|=0.723
[step 598] loss=2.5620  lr=6.54e-04  |grad|=0.871
[step 599] loss=2.1060  lr=6.53e-04  |grad|=0.676
           └ val_loss=3.1577
[step 600] loss=2.6167  lr=6.52e-04  |grad|=0.926
[step 601] loss=2.3224  lr=6.51e-04  |grad|=0.719
[step 602] loss=2.3693  lr=6.50e-04  |grad|=0.805
[step 603] loss=2.6908  lr=6.49e-04  |grad|=0.840
[step 604] loss=2.2730  lr=6.48e-04  |grad|=0.773
[step 605] loss=2.2943  lr=6.47e-04  |grad|=0.770
[step 606] loss=2.4773  lr=6.46e-04  |grad|=0.836
[step 607] loss=2.2824  lr=6.45e-04  |grad|=0.766
[step 608] loss=2.4109  lr=6.44e-04  |grad|=0.758
[step 609] loss=2.4966  lr=6.43e-04  |grad|=0.844
[step 610] loss=2.3918  lr=6.42e-04  |grad|=0.699
[step 611] loss=2.5499  lr=6.41e-04  |grad|=0.781
[step 612] loss=2.4204  lr=6.40e-04  |grad|=0.832
[step 613] loss=2.0230  lr=6.39e-04  |grad|=0.578
[step 614] loss=2.2992  lr=6.38e-04  |grad|=0.719
[step 615] loss=2.6523  lr=6.37e-04  |grad|=0.770
[step 616] loss=2.6391  lr=6.36e-04  |grad|=0.695
[step 617] loss=2.2978  lr=6.35e-04  |grad|=0.703
[step 618] loss=2.5148  lr=6.34e-04  |grad|=0.711
[step 619] loss=2.1637  lr=6.33e-04  |grad|=0.758
[step 620] loss=2.3071  lr=6.32e-04  |grad|=0.766
[step 621] loss=2.6770  lr=6.31e-04  |grad|=0.816
[step 622] loss=2.7252  lr=6.30e-04  |grad|=0.781
[step 623] loss=2.3971  lr=6.29e-04  |grad|=0.785
[step 624] loss=2.2852  lr=6.28e-04  |grad|=0.645
[step 625] loss=2.5975  lr=6.27e-04  |grad|=0.762
[step 626] loss=2.1768  lr=6.26e-04  |grad|=0.656
[step 627] loss=2.2820  lr=6.25e-04  |grad|=0.793
[step 628] loss=2.2471  lr=6.24e-04  |grad|=0.730
[step 629] loss=2.4315  lr=6.23e-04  |grad|=0.898
[step 630] loss=2.3150  lr=6.22e-04  |grad|=1.016
[step 631] loss=2.3088  lr=6.21e-04  |grad|=0.770
[step 632] loss=2.5405  lr=6.20e-04  |grad|=0.789
[step 633] loss=2.3103  lr=6.19e-04  |grad|=0.758
[step 634] loss=2.1949  lr=6.18e-04  |grad|=0.719
[step 635] loss=2.2080  lr=6.17e-04  |grad|=0.809
[step 636] loss=2.3123  lr=6.16e-04  |grad|=0.750
[step 637] loss=2.5673  lr=6.15e-04  |grad|=0.859
[step 638] loss=2.1529  lr=6.14e-04  |grad|=0.789
[step 639] loss=2.3139  lr=6.13e-04  |grad|=0.770
[step 640] loss=2.5359  lr=6.12e-04  |grad|=0.762
[step 641] loss=2.2455  lr=6.11e-04  |grad|=0.805
[step 642] loss=2.5432  lr=6.10e-04  |grad|=0.918
[step 643] loss=2.6067  lr=6.09e-04  |grad|=0.801
[step 644] loss=2.2901  lr=6.08e-04  |grad|=0.746
[step 645] loss=2.4534  lr=6.07e-04  |grad|=0.773
[step 646] loss=2.5480  lr=6.06e-04  |grad|=0.766
[step 647] loss=2.3088  lr=6.05e-04  |grad|=0.750
[step 648] loss=2.5237  lr=6.04e-04  |grad|=0.723
[step 649] loss=2.3194  lr=6.03e-04  |grad|=0.676
[step 650] loss=2.1442  lr=6.02e-04  |grad|=0.738
[step 651] loss=2.2667  lr=6.01e-04  |grad|=0.703
[step 652] loss=2.4332  lr=6.00e-04  |grad|=0.703
[step 653] loss=2.5165  lr=5.99e-04  |grad|=0.832
[step 654] loss=2.4012  lr=5.98e-04  |grad|=0.703
[step 655] loss=2.3659  lr=5.97e-04  |grad|=0.844
[step 656] loss=2.1696  lr=5.96e-04  |grad|=0.812
[step 657] loss=2.4075  lr=5.95e-04  |grad|=0.984
[step 658] loss=2.3955  lr=5.94e-04  |grad|=0.863
[step 659] loss=2.4108  lr=5.93e-04  |grad|=0.816
[step 660] loss=2.3037  lr=5.92e-04  |grad|=0.840
[step 661] loss=2.6427  lr=5.91e-04  |grad|=0.789
[step 662] loss=2.3813  lr=5.90e-04  |grad|=0.797
[step 663] loss=2.8252  lr=5.89e-04  |grad|=0.805
[step 664] loss=2.6294  lr=5.88e-04  |grad|=0.793
[step 665] loss=2.5937  lr=5.87e-04  |grad|=0.805
[step 666] loss=2.5996  lr=5.86e-04  |grad|=0.887
[step 667] loss=2.1371  lr=5.85e-04  |grad|=0.664
[step 668] loss=2.6263  lr=5.84e-04  |grad|=0.824
[step 669] loss=2.1882  lr=5.83e-04  |grad|=0.691
[step 670] loss=2.7204  lr=5.82e-04  |grad|=0.738
[step 671] loss=2.2505  lr=5.81e-04  |grad|=0.754
[step 672] loss=2.3135  lr=5.80e-04  |grad|=0.656
[step 673] loss=2.3703  lr=5.79e-04  |grad|=0.949
[step 674] loss=2.5818  lr=5.78e-04  |grad|=0.793
[step 675] loss=2.7257  lr=5.77e-04  |grad|=0.699
[step 676] loss=2.5587  lr=5.76e-04  |grad|=0.840
[step 677] loss=2.6735  lr=5.75e-04  |grad|=0.801
[step 678] loss=2.2290  lr=5.74e-04  |grad|=0.684
[step 679] loss=2.4485  lr=5.73e-04  |grad|=0.832
[step 680] loss=2.3262  lr=5.72e-04  |grad|=0.777
[step 681] loss=2.6177  lr=5.71e-04  |grad|=0.867
[step 682] loss=2.5341  lr=5.70e-04  |grad|=0.758
[step 683] loss=2.4863  lr=5.69e-04  |grad|=0.691
[step 684] loss=2.4234  lr=5.68e-04  |grad|=0.676
[step 685] loss=2.5309  lr=5.67e-04  |grad|=0.750
[step 686] loss=2.4477  lr=5.66e-04  |grad|=0.848
[step 687] loss=2.7120  lr=5.65e-04  |grad|=0.875
[step 688] loss=2.6635  lr=5.64e-04  |grad|=0.836
[step 689] loss=2.4518  lr=5.63e-04  |grad|=0.715
[step 690] loss=2.3992  lr=5.62e-04  |grad|=0.895
[step 691] loss=2.4780  lr=5.61e-04  |grad|=0.859
[step 692] loss=2.0331  lr=5.60e-04  |grad|=0.730
[step 693] loss=2.4937  lr=5.59e-04  |grad|=0.711
[step 694] loss=2.3579  lr=5.58e-04  |grad|=0.766
[step 695] loss=2.6225  lr=5.57e-04  |grad|=0.652
[step 696] loss=2.4607  lr=5.56e-04  |grad|=0.770
[step 697] loss=2.6451  lr=5.55e-04  |grad|=0.797
[step 698] loss=2.3266  lr=5.54e-04  |grad|=0.895
[step 699] loss=2.2411  lr=5.53e-04  |grad|=0.676
           └ val_loss=3.1039
[step 700] loss=2.5106  lr=5.52e-04  |grad|=0.754
[step 701] loss=2.2928  lr=5.51e-04  |grad|=0.754
[step 702] loss=2.3935  lr=5.49e-04  |grad|=0.793
[step 703] loss=2.6943  lr=5.48e-04  |grad|=0.902
[step 704] loss=2.5054  lr=5.47e-04  |grad|=0.848
[step 705] loss=2.3140  lr=5.46e-04  |grad|=0.730
[step 706] loss=2.1861  lr=5.45e-04  |grad|=0.625
[step 707] loss=2.3942  lr=5.44e-04  |grad|=0.758
[step 708] loss=2.5123  lr=5.43e-04  |grad|=0.816
[step 709] loss=2.2085  lr=5.42e-04  |grad|=0.754
[step 710] loss=2.3881  lr=5.41e-04  |grad|=0.723
[step 711] loss=2.6023  lr=5.40e-04  |grad|=0.801
[step 712] loss=2.2164  lr=5.39e-04  |grad|=0.707
[step 713] loss=2.4261  lr=5.38e-04  |grad|=0.852
[step 714] loss=2.6849  lr=5.37e-04  |grad|=0.938
[step 715] loss=2.4133  lr=5.36e-04  |grad|=0.773
[step 716] loss=2.0789  lr=5.35e-04  |grad|=0.648
[step 717] loss=2.3094  lr=5.34e-04  |grad|=0.742
[step 718] loss=2.2193  lr=5.33e-04  |grad|=0.668
[step 719] loss=2.2762  lr=5.32e-04  |grad|=0.660
[step 720] loss=2.5817  lr=5.31e-04  |grad|=0.805
[step 721] loss=2.6764  lr=5.30e-04  |grad|=0.922
[step 722] loss=2.5961  lr=5.29e-04  |grad|=0.781
[step 723] loss=2.5809  lr=5.28e-04  |grad|=0.906
[step 724] loss=2.6277  lr=5.27e-04  |grad|=0.781
[step 725] loss=2.5195  lr=5.26e-04  |grad|=0.738
[step 726] loss=2.2967  lr=5.25e-04  |grad|=0.945
[step 727] loss=2.3490  lr=5.24e-04  |grad|=0.832
[step 728] loss=2.3295  lr=5.23e-04  |grad|=0.688
[step 729] loss=2.3802  lr=5.22e-04  |grad|=0.691
[step 730] loss=2.5107  lr=5.21e-04  |grad|=0.773
[step 731] loss=2.5412  lr=5.20e-04  |grad|=0.750
[step 732] loss=2.3118  lr=5.19e-04  |grad|=0.812
[step 733] loss=2.5139  lr=5.18e-04  |grad|=0.785
[step 734] loss=2.3233  lr=5.17e-04  |grad|=0.730
[step 735] loss=2.2363  lr=5.16e-04  |grad|=0.750
[step 736] loss=2.4591  lr=5.15e-04  |grad|=0.844
[step 737] loss=2.4745  lr=5.14e-04  |grad|=0.797
[step 738] loss=2.3119  lr=5.13e-04  |grad|=0.723
[step 739] loss=2.4470  lr=5.12e-04  |grad|=0.801
[step 740] loss=3.0098  lr=5.11e-04  |grad|=0.902
[step 741] loss=2.3072  lr=5.10e-04  |grad|=0.883
[step 742] loss=2.6296  lr=5.09e-04  |grad|=0.684
[step 743] loss=2.3517  lr=5.08e-04  |grad|=0.672
[step 744] loss=2.3609  lr=5.07e-04  |grad|=0.688
[step 745] loss=2.3145  lr=5.06e-04  |grad|=0.734
[step 746] loss=2.4783  lr=5.05e-04  |grad|=0.914
[step 747] loss=2.4430  lr=5.04e-04  |grad|=0.730
[step 748] loss=2.5194  lr=5.03e-04  |grad|=1.055
[step 749] loss=2.3977  lr=5.02e-04  |grad|=0.781
[step 750] loss=2.4216  lr=5.01e-04  |grad|=0.820
[step 751] loss=2.2527  lr=5.00e-04  |grad|=0.695
[step 752] loss=2.2915  lr=4.99e-04  |grad|=0.805
[step 753] loss=2.3574  lr=4.98e-04  |grad|=0.809
[step 754] loss=2.5186  lr=4.97e-04  |grad|=0.746
[step 755] loss=2.3129  lr=4.96e-04  |grad|=0.848
[step 756] loss=2.2702  lr=4.95e-04  |grad|=0.730
[step 757] loss=2.6351  lr=4.94e-04  |grad|=0.863
[step 758] loss=2.3186  lr=4.93e-04  |grad|=0.703
[step 759] loss=2.4599  lr=4.92e-04  |grad|=0.930
[step 760] loss=2.5265  lr=4.91e-04  |grad|=0.938
[step 761] loss=2.4083  lr=4.90e-04  |grad|=0.762
[step 762] loss=2.5287  lr=4.89e-04  |grad|=0.910
[step 763] loss=2.2592  lr=4.88e-04  |grad|=0.812
[step 764] loss=2.9141  lr=4.87e-04  |grad|=0.879
[step 765] loss=2.3462  lr=4.86e-04  |grad|=0.703
[step 766] loss=2.2861  lr=4.85e-04  |grad|=0.828
[step 767] loss=2.5152  lr=4.84e-04  |grad|=0.863
[step 768] loss=2.3817  lr=4.83e-04  |grad|=0.727
[step 769] loss=2.4968  lr=4.82e-04  |grad|=0.727
[step 770] loss=2.3946  lr=4.81e-04  |grad|=0.867
[step 771] loss=2.4911  lr=4.80e-04  |grad|=0.855
[step 772] loss=2.6706  lr=4.79e-04  |grad|=0.781
[step 773] loss=2.3840  lr=4.78e-04  |grad|=0.738
[step 774] loss=2.3047  lr=4.77e-04  |grad|=0.801
[step 775] loss=2.4794  lr=4.76e-04  |grad|=1.000
[step 776] loss=2.5150  lr=4.75e-04  |grad|=0.805
[step 777] loss=2.2893  lr=4.74e-04  |grad|=0.723
[step 778] loss=2.4020  lr=4.73e-04  |grad|=1.000
[step 779] loss=2.6312  lr=4.72e-04  |grad|=0.781
[step 780] loss=2.3888  lr=4.71e-04  |grad|=0.770
[step 781] loss=2.4242  lr=4.70e-04  |grad|=0.672
[step 782] loss=2.3208  lr=4.69e-04  |grad|=0.762
[step 783] loss=2.4639  lr=4.68e-04  |grad|=0.906
[step 784] loss=2.5407  lr=4.67e-04  |grad|=0.914
[step 785] loss=2.3495  lr=4.66e-04  |grad|=0.773
[step 786] loss=2.4039  lr=4.65e-04  |grad|=0.719
[step 787] loss=2.5599  lr=4.64e-04  |grad|=0.719
[step 788] loss=2.4773  lr=4.63e-04  |grad|=0.762
[step 789] loss=2.5173  lr=4.62e-04  |grad|=0.918
[step 790] loss=2.6941  lr=4.61e-04  |grad|=0.867
[step 791] loss=2.6116  lr=4.60e-04  |grad|=0.777
[step 792] loss=2.4688  lr=4.59e-04  |grad|=0.809
[step 793] loss=2.4697  lr=4.58e-04  |grad|=0.855
[step 794] loss=2.3959  lr=4.57e-04  |grad|=0.859
[step 795] loss=2.4330  lr=4.56e-04  |grad|=0.762
[step 796] loss=2.5524  lr=4.55e-04  |grad|=0.762
[step 797] loss=2.4195  lr=4.54e-04  |grad|=0.781
[step 798] loss=2.6444  lr=4.53e-04  |grad|=0.793
[step 799] loss=2.4532  lr=4.52e-04  |grad|=0.699
           └ val_loss=2.7802 ← best
[step 800] loss=2.8070  lr=4.51e-04  |grad|=0.770
[step 801] loss=2.3881  lr=4.50e-04  |grad|=0.688
[step 802] loss=2.3578  lr=4.49e-04  |grad|=0.715
[step 803] loss=2.3269  lr=4.48e-04  |grad|=0.789
[step 804] loss=2.4574  lr=4.47e-04  |grad|=0.703
[step 805] loss=2.3894  lr=4.46e-04  |grad|=0.828
[step 806] loss=2.2000  lr=4.45e-04  |grad|=0.676
[step 807] loss=2.5719  lr=4.44e-04  |grad|=0.727
[step 808] loss=2.2789  lr=4.43e-04  |grad|=0.691
[step 809] loss=2.6458  lr=4.42e-04  |grad|=0.816
[step 810] loss=2.2559  lr=4.41e-04  |grad|=0.758
[step 811] loss=2.3310  lr=4.40e-04  |grad|=0.828
[step 812] loss=2.4421  lr=4.39e-04  |grad|=0.836
[step 813] loss=2.2733  lr=4.38e-04  |grad|=0.785
[step 814] loss=2.4752  lr=4.37e-04  |grad|=0.832
[step 815] loss=2.1431  lr=4.36e-04  |grad|=0.828
[step 816] loss=2.3983  lr=4.35e-04  |grad|=0.734
[step 817] loss=2.7775  lr=4.34e-04  |grad|=0.738
[step 818] loss=2.3400  lr=4.33e-04  |grad|=0.793
[step 819] loss=2.5286  lr=4.32e-04  |grad|=0.836
[step 820] loss=2.4390  lr=4.31e-04  |grad|=0.824
[step 821] loss=2.2705  lr=4.31e-04  |grad|=0.707
[step 822] loss=2.3563  lr=4.30e-04  |grad|=0.855
[step 823] loss=2.3674  lr=4.29e-04  |grad|=0.805
[step 824] loss=2.4547  lr=4.28e-04  |grad|=0.758
[step 825] loss=2.2625  lr=4.27e-04  |grad|=0.715
[step 826] loss=2.3262  lr=4.26e-04  |grad|=0.750
[step 827] loss=2.3174  lr=4.25e-04  |grad|=0.801
[step 828] loss=2.3619  lr=4.24e-04  |grad|=0.867
[step 829] loss=2.1468  lr=4.23e-04  |grad|=0.672
[step 830] loss=2.3875  lr=4.22e-04  |grad|=0.727
[step 831] loss=2.6222  lr=4.21e-04  |grad|=0.691
[step 832] loss=2.6493  lr=4.20e-04  |grad|=0.805
[step 833] loss=2.2224  lr=4.19e-04  |grad|=0.688
[step 834] loss=2.3634  lr=4.18e-04  |grad|=0.758
[step 835] loss=2.3730  lr=4.17e-04  |grad|=0.664
[step 836] loss=2.0700  lr=4.16e-04  |grad|=0.695
[step 837] loss=2.1926  lr=4.15e-04  |grad|=0.688
[step 838] loss=2.5059  lr=4.14e-04  |grad|=0.789
[step 839] loss=2.6228  lr=4.13e-04  |grad|=0.867
[step 840] loss=2.0333  lr=4.12e-04  |grad|=0.711
[step 841] loss=2.5575  lr=4.11e-04  |grad|=0.809
[step 842] loss=2.5359  lr=4.10e-04  |grad|=0.809
[step 843] loss=2.8055  lr=4.09e-04  |grad|=0.855
[step 844] loss=2.2538  lr=4.08e-04  |grad|=0.645
[step 845] loss=1.7979  lr=4.07e-04  |grad|=0.629
[step 846] loss=2.2507  lr=4.06e-04  |grad|=0.758
[step 847] loss=2.1094  lr=4.05e-04  |grad|=0.711
[step 848] loss=1.9948  lr=4.04e-04  |grad|=0.773
[step 849] loss=1.9700  lr=4.03e-04  |grad|=0.629
[step 850] loss=1.8590  lr=4.03e-04  |grad|=0.633
[step 851] loss=2.1432  lr=4.02e-04  |grad|=0.848
[step 852] loss=2.4020  lr=4.01e-04  |grad|=0.902
[step 853] loss=1.9640  lr=4.00e-04  |grad|=0.918
[step 854] loss=2.2213  lr=3.99e-04  |grad|=0.844
[step 855] loss=2.1452  lr=3.98e-04  |grad|=0.891
[step 856] loss=2.3021  lr=3.97e-04  |grad|=1.078
[step 857] loss=2.3850  lr=3.96e-04  |grad|=1.062
[step 858] loss=2.1746  lr=3.95e-04  |grad|=1.008
[step 859] loss=2.1675  lr=3.94e-04  |grad|=0.988
[step 860] loss=2.2396  lr=3.93e-04  |grad|=1.047
[step 861] loss=2.2869  lr=3.92e-04  |grad|=0.980
[step 862] loss=2.1576  lr=3.91e-04  |grad|=0.910
[step 863] loss=2.0455  lr=3.90e-04  |grad|=0.859
[step 864] loss=1.9728  lr=3.89e-04  |grad|=0.895
[step 865] loss=2.1292  lr=3.88e-04  |grad|=0.863
[step 866] loss=1.9114  lr=3.87e-04  |grad|=0.848
[step 867] loss=2.1579  lr=3.86e-04  |grad|=0.953
[step 868] loss=2.1513  lr=3.85e-04  |grad|=0.844
[step 869] loss=2.0553  lr=3.84e-04  |grad|=0.945
[step 870] loss=2.0502  lr=3.84e-04  |grad|=0.902
[step 871] loss=2.1974  lr=3.83e-04  |grad|=0.840
[step 872] loss=2.0954  lr=3.82e-04  |grad|=0.883
[step 873] loss=2.2539  lr=3.81e-04  |grad|=0.836
[step 874] loss=1.9486  lr=3.80e-04  |grad|=0.875
[step 875] loss=1.9571  lr=3.79e-04  |grad|=0.938
[step 876] loss=2.1488  lr=3.78e-04  |grad|=0.906
[step 877] loss=2.4418  lr=3.77e-04  |grad|=0.930
[step 878] loss=2.2837  lr=3.76e-04  |grad|=1.102
[step 879] loss=2.0808  lr=3.75e-04  |grad|=0.797
[step 880] loss=1.9260  lr=3.74e-04  |grad|=0.785
[step 881] loss=2.2094  lr=3.73e-04  |grad|=0.965
[step 882] loss=2.1030  lr=3.72e-04  |grad|=0.969
[step 883] loss=2.1297  lr=3.71e-04  |grad|=0.816
[step 884] loss=2.1939  lr=3.70e-04  |grad|=0.879
[step 885] loss=2.0793  lr=3.70e-04  |grad|=0.934
[step 886] loss=2.2790  lr=3.69e-04  |grad|=0.965
[step 887] loss=1.9245  lr=3.68e-04  |grad|=0.898
[step 888] loss=2.5747  lr=3.67e-04  |grad|=1.055
[step 889] loss=2.1273  lr=3.66e-04  |grad|=0.828
[step 890] loss=2.0534  lr=3.65e-04  |grad|=0.984
[step 891] loss=2.3074  lr=3.64e-04  |grad|=0.965
[step 892] loss=2.1173  lr=3.63e-04  |grad|=0.891
[step 893] loss=2.2354  lr=3.62e-04  |grad|=0.891
[step 894] loss=2.1492  lr=3.61e-04  |grad|=0.941
[step 895] loss=2.4273  lr=3.60e-04  |grad|=1.336
[step 896] loss=2.0613  lr=3.59e-04  |grad|=0.918
[step 897] loss=1.9629  lr=3.58e-04  |grad|=0.832
[step 898] loss=2.1390  lr=3.58e-04  |grad|=0.855
[step 899] loss=1.9695  lr=3.57e-04  |grad|=0.898
           └ val_loss=2.8419
[step 900] loss=2.2379  lr=3.56e-04  |grad|=0.910
[step 901] loss=2.0401  lr=3.55e-04  |grad|=0.812
[step 902] loss=2.0225  lr=3.54e-04  |grad|=0.855
[step 903] loss=2.2091  lr=3.53e-04  |grad|=0.875
[step 904] loss=2.2325  lr=3.52e-04  |grad|=0.980
[step 905] loss=1.8616  lr=3.51e-04  |grad|=0.914
[step 906] loss=2.0178  lr=3.50e-04  |grad|=0.906
[step 907] loss=1.9510  lr=3.49e-04  |grad|=0.895
[step 908] loss=2.2266  lr=3.48e-04  |grad|=0.883
[step 909] loss=2.1657  lr=3.48e-04  |grad|=0.992
[step 910] loss=2.1747  lr=3.47e-04  |grad|=1.039
[step 911] loss=1.7477  lr=3.46e-04  |grad|=0.809
[step 912] loss=2.1695  lr=3.45e-04  |grad|=1.031
[step 913] loss=2.1711  lr=3.44e-04  |grad|=0.941
[step 914] loss=2.3032  lr=3.43e-04  |grad|=0.992
[step 915] loss=2.0994  lr=3.42e-04  |grad|=1.070
[step 916] loss=2.3520  lr=3.41e-04  |grad|=0.949
[step 917] loss=2.3339  lr=3.40e-04  |grad|=0.941
[step 918] loss=2.2320  lr=3.39e-04  |grad|=1.102
[step 919] loss=2.2437  lr=3.39e-04  |grad|=0.969
[step 920] loss=2.1806  lr=3.38e-04  |grad|=1.023
[step 921] loss=1.9278  lr=3.37e-04  |grad|=0.852
[step 922] loss=1.9781  lr=3.36e-04  |grad|=0.898
[step 923] loss=2.4277  lr=3.35e-04  |grad|=1.008
[step 924] loss=2.0750  lr=3.34e-04  |grad|=0.949
[step 925] loss=1.8397  lr=3.33e-04  |grad|=0.875
[step 926] loss=2.0428  lr=3.32e-04  |grad|=0.934
[step 927] loss=2.2652  lr=3.31e-04  |grad|=0.867
[step 928] loss=2.1048  lr=3.31e-04  |grad|=0.957
[step 929] loss=2.2869  lr=3.30e-04  |grad|=0.980
[step 930] loss=2.1710  lr=3.29e-04  |grad|=0.852
[step 931] loss=2.1242  lr=3.28e-04  |grad|=0.949
[step 932] loss=2.4128  lr=3.27e-04  |grad|=1.102
[step 933] loss=2.4353  lr=3.26e-04  |grad|=0.988
[step 934] loss=1.9002  lr=3.25e-04  |grad|=0.859
[step 935] loss=2.2264  lr=3.24e-04  |grad|=0.918
[step 936] loss=2.0716  lr=3.24e-04  |grad|=1.008
[step 937] loss=1.8947  lr=3.23e-04  |grad|=0.941
[step 938] loss=1.8273  lr=3.22e-04  |grad|=1.047
[step 939] loss=2.3663  lr=3.21e-04  |grad|=1.055
[step 940] loss=2.2065  lr=3.20e-04  |grad|=1.070
[step 941] loss=2.1287  lr=3.19e-04  |grad|=1.180
[step 942] loss=2.1156  lr=3.18e-04  |grad|=1.070
[step 943] loss=2.4381  lr=3.17e-04  |grad|=1.070
[step 944] loss=2.1265  lr=3.17e-04  |grad|=1.203
[step 945] loss=2.0933  lr=3.16e-04  |grad|=1.039
[step 946] loss=2.1664  lr=3.15e-04  |grad|=1.031
[step 947] loss=2.1166  lr=3.14e-04  |grad|=1.023
[step 948] loss=2.1322  lr=3.13e-04  |grad|=1.117
[step 949] loss=2.0077  lr=3.12e-04  |grad|=0.871
[step 950] loss=2.5446  lr=3.11e-04  |grad|=1.203
[step 951] loss=2.3341  lr=3.11e-04  |grad|=1.109
[step 952] loss=2.0617  lr=3.10e-04  |grad|=0.801
[step 953] loss=1.9314  lr=3.09e-04  |grad|=0.816
[step 954] loss=2.3783  lr=3.08e-04  |grad|=1.039
[step 955] loss=2.2527  lr=3.07e-04  |grad|=1.016
[step 956] loss=2.1469  lr=3.06e-04  |grad|=0.844
[step 957] loss=1.9958  lr=3.05e-04  |grad|=0.891
[step 958] loss=2.1100  lr=3.05e-04  |grad|=0.918
[step 959] loss=2.0516  lr=3.04e-04  |grad|=0.938
[step 960] loss=1.9634  lr=3.03e-04  |grad|=0.863
[step 961] loss=2.2584  lr=3.02e-04  |grad|=1.016
[step 962] loss=2.2004  lr=3.01e-04  |grad|=0.949
[step 963] loss=1.9709  lr=3.00e-04  |grad|=0.816
[step 964] loss=2.4345  lr=3.00e-04  |grad|=1.023
[step 965] loss=2.5595  lr=2.99e-04  |grad|=1.102
[step 966] loss=2.3316  lr=2.98e-04  |grad|=1.172
[step 967] loss=2.0760  lr=2.97e-04  |grad|=0.988
[step 968] loss=2.1929  lr=2.96e-04  |grad|=0.855
[step 969] loss=1.8653  lr=2.95e-04  |grad|=0.922
[step 970] loss=2.2799  lr=2.94e-04  |grad|=1.008
[step 971] loss=2.1741  lr=2.94e-04  |grad|=0.895
[step 972] loss=1.9132  lr=2.93e-04  |grad|=0.758
[step 973] loss=2.2698  lr=2.92e-04  |grad|=0.996
[step 974] loss=2.0421  lr=2.91e-04  |grad|=0.961
[step 975] loss=1.9669  lr=2.90e-04  |grad|=0.797
[step 976] loss=2.0863  lr=2.90e-04  |grad|=0.922
[step 977] loss=2.0532  lr=2.89e-04  |grad|=0.969
[step 978] loss=2.0370  lr=2.88e-04  |grad|=0.859
[step 979] loss=2.2519  lr=2.87e-04  |grad|=0.965
[step 980] loss=1.8653  lr=2.86e-04  |grad|=0.797
[step 981] loss=2.2233  lr=2.85e-04  |grad|=1.039
[step 982] loss=2.1354  lr=2.85e-04  |grad|=1.047
[step 983] loss=2.0960  lr=2.84e-04  |grad|=1.016
[step 984] loss=1.9317  lr=2.83e-04  |grad|=0.969
[step 985] loss=2.1579  lr=2.82e-04  |grad|=1.008
[step 986] loss=2.4721  lr=2.81e-04  |grad|=1.055
[step 987] loss=2.1672  lr=2.81e-04  |grad|=1.031
[step 988] loss=2.4210  lr=2.80e-04  |grad|=1.039
[step 989] loss=2.0123  lr=2.79e-04  |grad|=0.949
[step 990] loss=2.3982  lr=2.78e-04  |grad|=1.062
[step 991] loss=2.1421  lr=2.77e-04  |grad|=0.996
[step 992] loss=2.1680  lr=2.76e-04  |grad|=1.000
[step 993] loss=2.1714  lr=2.76e-04  |grad|=1.234
[step 994] loss=2.2461  lr=2.75e-04  |grad|=1.078
[step 995] loss=2.1731  lr=2.74e-04  |grad|=0.941
[step 996] loss=2.1813  lr=2.73e-04  |grad|=1.078
[step 997] loss=2.3160  lr=2.72e-04  |grad|=0.977
[step 998] loss=1.9061  lr=2.72e-04  |grad|=0.934
[step 999] loss=2.3411  lr=2.71e-04  |grad|=0.996
           └ val_loss=2.9655
[step 1000] loss=2.0898  lr=2.70e-04  |grad|=0.945
[step 1001] loss=2.0686  lr=2.69e-04  |grad|=0.961
[step 1002] loss=2.1871  lr=2.69e-04  |grad|=1.016
[step 1003] loss=1.9161  lr=2.68e-04  |grad|=0.836
[step 1004] loss=2.0946  lr=2.67e-04  |grad|=0.898
[step 1005] loss=1.9352  lr=2.66e-04  |grad|=0.930
[step 1006] loss=2.1119  lr=2.65e-04  |grad|=0.902
[step 1007] loss=2.0106  lr=2.65e-04  |grad|=1.008
[step 1008] loss=2.2356  lr=2.64e-04  |grad|=0.930
[step 1009] loss=2.5173  lr=2.63e-04  |grad|=1.000
[step 1010] loss=1.9264  lr=2.62e-04  |grad|=1.047
[step 1011] loss=2.0051  lr=2.61e-04  |grad|=1.039
[step 1012] loss=2.3232  lr=2.61e-04  |grad|=0.934
[step 1013] loss=2.2182  lr=2.60e-04  |grad|=0.832
[step 1014] loss=2.1160  lr=2.59e-04  |grad|=1.039
[step 1015] loss=2.1592  lr=2.58e-04  |grad|=0.895
[step 1016] loss=2.3988  lr=2.58e-04  |grad|=1.070
[step 1017] loss=2.1479  lr=2.57e-04  |grad|=1.109
[step 1018] loss=2.1674  lr=2.56e-04  |grad|=1.102
[step 1019] loss=2.1184  lr=2.55e-04  |grad|=0.930
[step 1020] loss=2.1239  lr=2.55e-04  |grad|=0.941
[step 1021] loss=2.4712  lr=2.54e-04  |grad|=1.008
[step 1022] loss=2.3168  lr=2.53e-04  |grad|=1.023
[step 1023] loss=1.9971  lr=2.52e-04  |grad|=0.875
[step 1024] loss=2.1052  lr=2.52e-04  |grad|=0.859
[step 1025] loss=2.2552  lr=2.51e-04  |grad|=0.965
[step 1026] loss=2.1530  lr=2.50e-04  |grad|=0.930
[step 1027] loss=2.3536  lr=2.49e-04  |grad|=1.266
[step 1028] loss=2.2754  lr=2.48e-04  |grad|=1.070
[step 1029] loss=2.2503  lr=2.48e-04  |grad|=0.922
[step 1030] loss=2.4292  lr=2.47e-04  |grad|=0.934
[step 1031] loss=2.2365  lr=2.46e-04  |grad|=0.934
[step 1032] loss=2.1963  lr=2.45e-04  |grad|=0.996
[step 1033] loss=2.0463  lr=2.45e-04  |grad|=0.898
[step 1034] loss=2.3945  lr=2.44e-04  |grad|=1.031
[step 1035] loss=2.3303  lr=2.43e-04  |grad|=1.039
[step 1036] loss=2.2101  lr=2.43e-04  |grad|=0.910
[step 1037] loss=1.9675  lr=2.42e-04  |grad|=0.961
[step 1038] loss=2.1107  lr=2.41e-04  |grad|=0.980
[step 1039] loss=2.1980  lr=2.40e-04  |grad|=1.141
[step 1040] loss=2.1179  lr=2.40e-04  |grad|=1.023
[step 1041] loss=2.1259  lr=2.39e-04  |grad|=0.961
[step 1042] loss=2.4336  lr=2.38e-04  |grad|=1.078
[step 1043] loss=2.0461  lr=2.37e-04  |grad|=0.891
[step 1044] loss=2.1685  lr=2.37e-04  |grad|=0.980
[step 1045] loss=2.3410  lr=2.36e-04  |grad|=0.961
[step 1046] loss=2.0144  lr=2.35e-04  |grad|=0.871
[step 1047] loss=2.1165  lr=2.34e-04  |grad|=0.895
[step 1048] loss=2.5093  lr=2.34e-04  |grad|=0.969
[step 1049] loss=1.9405  lr=2.33e-04  |grad|=0.891
[step 1050] loss=2.4619  lr=2.32e-04  |grad|=1.195
[step 1051] loss=2.2667  lr=2.32e-04  |grad|=0.996
[step 1052] loss=2.2641  lr=2.31e-04  |grad|=0.914
[step 1053] loss=2.2413  lr=2.30e-04  |grad|=1.016
[step 1054] loss=1.9679  lr=2.29e-04  |grad|=1.039
[step 1055] loss=2.1385  lr=2.29e-04  |grad|=1.000
[step 1056] loss=2.1760  lr=2.28e-04  |grad|=0.871
[step 1057] loss=2.1779  lr=2.27e-04  |grad|=1.016
[step 1058] loss=2.3675  lr=2.27e-04  |grad|=1.039
[step 1059] loss=2.0567  lr=2.26e-04  |grad|=0.867
[step 1060] loss=2.3598  lr=2.25e-04  |grad|=0.977
[step 1061] loss=1.9370  lr=2.25e-04  |grad|=0.898
[step 1062] loss=2.1588  lr=2.24e-04  |grad|=1.109
[step 1063] loss=2.1264  lr=2.23e-04  |grad|=0.852
[step 1064] loss=2.5234  lr=2.22e-04  |grad|=1.258
[step 1065] loss=2.1154  lr=2.22e-04  |grad|=0.910
[step 1066] loss=2.1447  lr=2.21e-04  |grad|=1.016
[step 1067] loss=1.9731  lr=2.20e-04  |grad|=0.871
[step 1068] loss=2.1576  lr=2.20e-04  |grad|=0.953
[step 1069] loss=2.0254  lr=2.19e-04  |grad|=1.000
[step 1070] loss=2.2113  lr=2.18e-04  |grad|=1.039
[step 1071] loss=2.1658  lr=2.18e-04  |grad|=0.910
[step 1072] loss=2.2301  lr=2.17e-04  |grad|=0.902
[step 1073] loss=2.0996  lr=2.16e-04  |grad|=0.984
[step 1074] loss=2.0603  lr=2.16e-04  |grad|=1.023
[step 1075] loss=1.8606  lr=2.15e-04  |grad|=0.863
[step 1076] loss=2.1134  lr=2.14e-04  |grad|=0.996
[step 1077] loss=2.2088  lr=2.14e-04  |grad|=1.008
[step 1078] loss=1.9779  lr=2.13e-04  |grad|=1.031
[step 1079] loss=2.1259  lr=2.12e-04  |grad|=0.941
[step 1080] loss=2.2522  lr=2.12e-04  |grad|=0.988
[step 1081] loss=2.3055  lr=2.11e-04  |grad|=1.117
[step 1082] loss=2.3615  lr=2.10e-04  |grad|=1.031
[step 1083] loss=1.8499  lr=2.10e-04  |grad|=0.945
[step 1084] loss=2.2272  lr=2.09e-04  |grad|=1.047
[step 1085] loss=2.3317  lr=2.08e-04  |grad|=0.887
[step 1086] loss=2.3443  lr=2.08e-04  |grad|=0.934
[step 1087] loss=2.3201  lr=2.07e-04  |grad|=1.156
[step 1088] loss=2.2336  lr=2.06e-04  |grad|=1.055
[step 1089] loss=2.0068  lr=2.06e-04  |grad|=0.898
[step 1090] loss=2.1158  lr=2.05e-04  |grad|=1.023
[step 1091] loss=2.0039  lr=2.04e-04  |grad|=0.836
[step 1092] loss=2.2373  lr=2.04e-04  |grad|=1.047
[step 1093] loss=2.3885  lr=2.03e-04  |grad|=0.914
[step 1094] loss=2.1896  lr=2.02e-04  |grad|=0.941
[step 1095] loss=2.0742  lr=2.02e-04  |grad|=0.930
[step 1096] loss=2.0881  lr=2.01e-04  |grad|=0.922
[step 1097] loss=1.9202  lr=2.00e-04  |grad|=0.973
[step 1098] loss=1.9007  lr=2.00e-04  |grad|=0.949
[step 1099] loss=2.3749  lr=1.99e-04  |grad|=1.078
           └ val_loss=3.2247
[step 1100] loss=1.9592  lr=1.99e-04  |grad|=0.965
[step 1101] loss=2.0976  lr=1.98e-04  |grad|=0.922
[step 1102] loss=2.2854  lr=1.97e-04  |grad|=1.055
[step 1103] loss=2.0976  lr=1.97e-04  |grad|=0.961
[step 1104] loss=2.1856  lr=1.96e-04  |grad|=1.047
[step 1105] loss=2.0480  lr=1.95e-04  |grad|=0.977
[step 1106] loss=2.1432  lr=1.95e-04  |grad|=1.055
[step 1107] loss=2.0867  lr=1.94e-04  |grad|=1.047
[step 1108] loss=2.2204  lr=1.94e-04  |grad|=1.023
[step 1109] loss=2.1124  lr=1.93e-04  |grad|=1.109
[step 1110] loss=2.6220  lr=1.92e-04  |grad|=1.141
[step 1111] loss=2.1875  lr=1.92e-04  |grad|=1.062
[step 1112] loss=2.2690  lr=1.91e-04  |grad|=1.000
[step 1113] loss=2.3853  lr=1.91e-04  |grad|=1.086
[step 1114] loss=2.1783  lr=1.90e-04  |grad|=0.984
[step 1115] loss=1.8227  lr=1.89e-04  |grad|=0.926
[step 1116] loss=2.3135  lr=1.89e-04  |grad|=1.055
[step 1117] loss=2.1421  lr=1.88e-04  |grad|=1.039
[step 1118] loss=2.1979  lr=1.87e-04  |grad|=1.016
[step 1119] loss=1.8637  lr=1.87e-04  |grad|=0.969
[step 1120] loss=1.9780  lr=1.86e-04  |grad|=0.926
[step 1121] loss=2.0961  lr=1.86e-04  |grad|=0.945
[step 1122] loss=1.9270  lr=1.85e-04  |grad|=0.797
[step 1123] loss=2.1070  lr=1.85e-04  |grad|=0.879
[step 1124] loss=2.0813  lr=1.84e-04  |grad|=0.941
[step 1125] loss=2.0350  lr=1.83e-04  |grad|=0.824
[step 1126] loss=1.6079  lr=1.83e-04  |grad|=0.824
[step 1127] loss=1.9161  lr=1.82e-04  |grad|=0.883
[step 1128] loss=1.8876  lr=1.82e-04  |grad|=1.008
[step 1129] loss=1.9085  lr=1.81e-04  |grad|=0.871
[step 1130] loss=2.0752  lr=1.80e-04  |grad|=0.957
[step 1131] loss=1.9559  lr=1.80e-04  |grad|=0.898
[step 1132] loss=1.7285  lr=1.79e-04  |grad|=0.902
[step 1133] loss=2.0200  lr=1.79e-04  |grad|=0.914
[step 1134] loss=2.2558  lr=1.78e-04  |grad|=0.992
[step 1135] loss=1.9923  lr=1.78e-04  |grad|=0.867
[step 1136] loss=2.0282  lr=1.77e-04  |grad|=1.086
[step 1137] loss=1.9201  lr=1.76e-04  |grad|=1.133
[step 1138] loss=1.8538  lr=1.76e-04  |grad|=1.047
[step 1139] loss=2.1211  lr=1.75e-04  |grad|=1.008
[step 1140] loss=1.8604  lr=1.75e-04  |grad|=1.023
[step 1141] loss=1.9669  lr=1.74e-04  |grad|=1.047
[step 1142] loss=2.0046  lr=1.74e-04  |grad|=1.062
[step 1143] loss=1.8454  lr=1.73e-04  |grad|=0.926
[step 1144] loss=1.8167  lr=1.73e-04  |grad|=1.039
[step 1145] loss=2.0431  lr=1.72e-04  |grad|=1.055
[step 1146] loss=1.8987  lr=1.71e-04  |grad|=1.055
[step 1147] loss=1.7935  lr=1.71e-04  |grad|=1.156
[step 1148] loss=1.9359  lr=1.70e-04  |grad|=1.055
[step 1149] loss=1.9641  lr=1.70e-04  |grad|=1.133
[step 1150] loss=1.8551  lr=1.69e-04  |grad|=1.031
[step 1151] loss=2.0662  lr=1.69e-04  |grad|=1.133
[step 1152] loss=1.8676  lr=1.68e-04  |grad|=1.062
[step 1153] loss=2.0125  lr=1.68e-04  |grad|=1.023
[step 1154] loss=1.8159  lr=1.67e-04  |grad|=1.055
[step 1155] loss=1.8059  lr=1.67e-04  |grad|=1.086
[step 1156] loss=2.1152  lr=1.66e-04  |grad|=1.188
[step 1157] loss=1.9620  lr=1.66e-04  |grad|=1.117
[step 1158] loss=1.8819  lr=1.65e-04  |grad|=1.086
[step 1159] loss=1.7873  lr=1.64e-04  |grad|=1.156
[step 1160] loss=1.8957  lr=1.64e-04  |grad|=1.094
[step 1161] loss=2.0827  lr=1.63e-04  |grad|=1.070
[step 1162] loss=1.8878  lr=1.63e-04  |grad|=0.996
[step 1163] loss=1.8106  lr=1.62e-04  |grad|=1.070
[step 1164] loss=1.9840  lr=1.62e-04  |grad|=1.086
[step 1165] loss=1.8568  lr=1.61e-04  |grad|=1.102
[step 1166] loss=1.8575  lr=1.61e-04  |grad|=1.047
[step 1167] loss=1.7138  lr=1.60e-04  |grad|=0.996
[step 1168] loss=1.8832  lr=1.60e-04  |grad|=1.078
[step 1169] loss=2.1379  lr=1.59e-04  |grad|=1.070
[step 1170] loss=1.9824  lr=1.59e-04  |grad|=1.156
[step 1171] loss=1.8001  lr=1.58e-04  |grad|=1.008
[step 1172] loss=2.1020  lr=1.58e-04  |grad|=1.266
[step 1173] loss=1.9631  lr=1.57e-04  |grad|=1.195
[step 1174] loss=1.7935  lr=1.57e-04  |grad|=1.102
[step 1175] loss=1.8561  lr=1.56e-04  |grad|=1.031
[step 1176] loss=1.9738  lr=1.56e-04  |grad|=1.070
[step 1177] loss=1.7222  lr=1.55e-04  |grad|=1.133
[step 1178] loss=1.8953  lr=1.55e-04  |grad|=1.109
[step 1179] loss=2.0979  lr=1.54e-04  |grad|=1.258
[step 1180] loss=1.9352  lr=1.54e-04  |grad|=1.086
[step 1181] loss=2.1106  lr=1.53e-04  |grad|=1.234
[step 1182] loss=1.9214  lr=1.53e-04  |grad|=1.078
[step 1183] loss=2.0230  lr=1.53e-04  |grad|=1.125
[step 1184] loss=1.8454  lr=1.52e-04  |grad|=1.086
[step 1185] loss=1.6997  lr=1.52e-04  |grad|=1.055
[step 1186] loss=1.8504  lr=1.51e-04  |grad|=0.941
[step 1187] loss=1.8745  lr=1.51e-04  |grad|=1.227
[step 1188] loss=1.8647  lr=1.50e-04  |grad|=1.094
[step 1189] loss=1.8534  lr=1.50e-04  |grad|=1.375
[step 1190] loss=1.7924  lr=1.49e-04  |grad|=1.195
[step 1191] loss=1.9197  lr=1.49e-04  |grad|=1.219
[step 1192] loss=2.0431  lr=1.48e-04  |grad|=1.125
[step 1193] loss=2.0407  lr=1.48e-04  |grad|=1.156
[step 1194] loss=1.9681  lr=1.47e-04  |grad|=1.242
[step 1195] loss=1.9217  lr=1.47e-04  |grad|=1.031
[step 1196] loss=2.2117  lr=1.47e-04  |grad|=1.164
[step 1197] loss=2.1119  lr=1.46e-04  |grad|=1.195
[step 1198] loss=1.8885  lr=1.46e-04  |grad|=1.000
[step 1199] loss=1.7403  lr=1.45e-04  |grad|=1.148
           └ val_loss=3.3438
[step 1200] loss=1.5923  lr=1.45e-04  |grad|=0.969
[step 1201] loss=1.8827  lr=1.44e-04  |grad|=1.141
[step 1202] loss=1.8576  lr=1.44e-04  |grad|=1.047
[step 1203] loss=1.7991  lr=1.43e-04  |grad|=1.070
[step 1204] loss=2.0184  lr=1.43e-04  |grad|=1.156
[step 1205] loss=1.7811  lr=1.43e-04  |grad|=0.992
[step 1206] loss=1.9602  lr=1.42e-04  |grad|=1.109
[step 1207] loss=1.9500  lr=1.42e-04  |grad|=0.984
[step 1208] loss=2.2092  lr=1.41e-04  |grad|=1.203
[step 1209] loss=1.5854  lr=1.41e-04  |grad|=0.941
[step 1210] loss=1.9296  lr=1.40e-04  |grad|=1.031
[step 1211] loss=2.1603  lr=1.40e-04  |grad|=1.180
[step 1212] loss=1.9099  lr=1.40e-04  |grad|=1.133
[step 1213] loss=1.6796  lr=1.39e-04  |grad|=1.023
[step 1214] loss=1.8636  lr=1.39e-04  |grad|=1.102
[step 1215] loss=2.0780  lr=1.38e-04  |grad|=1.148
[step 1216] loss=2.1876  lr=1.38e-04  |grad|=1.148
[step 1217] loss=2.0702  lr=1.38e-04  |grad|=1.133
[step 1218] loss=1.9636  lr=1.37e-04  |grad|=1.125
[step 1219] loss=1.6705  lr=1.37e-04  |grad|=0.977
[step 1220] loss=2.0572  lr=1.36e-04  |grad|=1.289
[step 1221] loss=1.8577  lr=1.36e-04  |grad|=1.070
[step 1222] loss=2.0736  lr=1.36e-04  |grad|=1.164
[step 1223] loss=2.1559  lr=1.35e-04  |grad|=1.086
[step 1224] loss=2.0143  lr=1.35e-04  |grad|=0.980
[step 1225] loss=1.8734  lr=1.34e-04  |grad|=1.125
[step 1226] loss=1.8317  lr=1.34e-04  |grad|=1.109
[step 1227] loss=1.8298  lr=1.34e-04  |grad|=1.266
[step 1228] loss=1.8050  lr=1.33e-04  |grad|=1.156
[step 1229] loss=1.7920  lr=1.33e-04  |grad|=1.086
[step 1230] loss=1.8612  lr=1.32e-04  |grad|=1.102
[step 1231] loss=1.8942  lr=1.32e-04  |grad|=1.078
[step 1232] loss=2.0153  lr=1.32e-04  |grad|=1.117
[step 1233] loss=1.7599  lr=1.31e-04  |grad|=1.000
[step 1234] loss=1.7649  lr=1.31e-04  |grad|=1.094
[step 1235] loss=1.8744  lr=1.31e-04  |grad|=1.297
[step 1236] loss=1.9608  lr=1.30e-04  |grad|=1.125
[step 1237] loss=2.0244  lr=1.30e-04  |grad|=1.148
[step 1238] loss=1.7612  lr=1.30e-04  |grad|=1.062
[step 1239] loss=1.9723  lr=1.29e-04  |grad|=1.125
[step 1240] loss=1.6873  lr=1.29e-04  |grad|=0.980
[step 1241] loss=1.8386  lr=1.28e-04  |grad|=1.203
[step 1242] loss=2.1621  lr=1.28e-04  |grad|=1.312
[step 1243] loss=1.7331  lr=1.28e-04  |grad|=1.047
[step 1244] loss=1.9623  lr=1.27e-04  |grad|=1.055
[step 1245] loss=1.7777  lr=1.27e-04  |grad|=1.016
[step 1246] loss=1.9333  lr=1.27e-04  |grad|=1.000
[step 1247] loss=1.7220  lr=1.26e-04  |grad|=1.188
[step 1248] loss=2.0769  lr=1.26e-04  |grad|=0.973
[step 1249] loss=1.7962  lr=1.26e-04  |grad|=1.070
[step 1250] loss=1.8160  lr=1.25e-04  |grad|=1.062
[step 1251] loss=1.8750  lr=1.25e-04  |grad|=1.109
[step 1252] loss=1.6948  lr=1.25e-04  |grad|=1.125
[step 1253] loss=1.8642  lr=1.24e-04  |grad|=1.250
[step 1254] loss=1.9364  lr=1.24e-04  |grad|=1.047
[step 1255] loss=1.8834  lr=1.24e-04  |grad|=1.227
[step 1256] loss=1.9442  lr=1.23e-04  |grad|=1.133
[step 1257] loss=1.9264  lr=1.23e-04  |grad|=1.133
[step 1258] loss=1.9655  lr=1.23e-04  |grad|=1.195
[step 1259] loss=1.8989  lr=1.22e-04  |grad|=0.965
[step 1260] loss=1.7499  lr=1.22e-04  |grad|=0.996
[step 1261] loss=1.9068  lr=1.22e-04  |grad|=1.219
[step 1262] loss=1.8213  lr=1.21e-04  |grad|=1.281
[step 1263] loss=2.0464  lr=1.21e-04  |grad|=1.133
[step 1264] loss=1.8546  lr=1.21e-04  |grad|=1.086
[step 1265] loss=2.2661  lr=1.21e-04  |grad|=1.117
[step 1266] loss=2.0899  lr=1.20e-04  |grad|=1.148
[step 1267] loss=1.9963  lr=1.20e-04  |grad|=1.172
[step 1268] loss=2.0906  lr=1.20e-04  |grad|=1.234
[step 1269] loss=1.8433  lr=1.19e-04  |grad|=1.070
[step 1270] loss=1.8588  lr=1.19e-04  |grad|=1.078
[step 1271] loss=1.7906  lr=1.19e-04  |grad|=1.086
[step 1272] loss=1.8684  lr=1.19e-04  |grad|=0.996
[step 1273] loss=2.0252  lr=1.18e-04  |grad|=1.188
[step 1274] loss=1.9524  lr=1.18e-04  |grad|=1.039
[step 1275] loss=1.9594  lr=1.18e-04  |grad|=1.172
[step 1276] loss=1.7535  lr=1.17e-04  |grad|=1.164
[step 1277] loss=1.7805  lr=1.17e-04  |grad|=1.156
[step 1278] loss=1.9437  lr=1.17e-04  |grad|=1.117
[step 1279] loss=2.0297  lr=1.17e-04  |grad|=1.117
[step 1280] loss=1.8141  lr=1.16e-04  |grad|=1.117
[step 1281] loss=1.9378  lr=1.16e-04  |grad|=1.023
[step 1282] loss=1.6513  lr=1.16e-04  |grad|=1.055
[step 1283] loss=1.8364  lr=1.15e-04  |grad|=1.133
[step 1284] loss=1.8912  lr=1.15e-04  |grad|=1.102
[step 1285] loss=2.2953  lr=1.15e-04  |grad|=1.258
[step 1286] loss=1.9037  lr=1.15e-04  |grad|=1.164
[step 1287] loss=1.7786  lr=1.14e-04  |grad|=1.008
[step 1288] loss=1.8824  lr=1.14e-04  |grad|=1.062
[step 1289] loss=1.9500  lr=1.14e-04  |grad|=1.133
[step 1290] loss=1.8377  lr=1.14e-04  |grad|=1.156
[step 1291] loss=2.3826  lr=1.13e-04  |grad|=1.242
[step 1292] loss=1.8272  lr=1.13e-04  |grad|=1.172
[step 1293] loss=2.1954  lr=1.13e-04  |grad|=1.203
[step 1294] loss=2.0055  lr=1.13e-04  |grad|=1.203
[step 1295] loss=1.8519  lr=1.12e-04  |grad|=1.234
[step 1296] loss=1.8230  lr=1.12e-04  |grad|=1.164
[step 1297] loss=2.0947  lr=1.12e-04  |grad|=1.211
[step 1298] loss=1.8920  lr=1.12e-04  |grad|=1.164
[step 1299] loss=1.8130  lr=1.12e-04  |grad|=1.305
           └ val_loss=3.0994
[step 1300] loss=2.1398  lr=1.11e-04  |grad|=1.234
[step 1301] loss=2.0601  lr=1.11e-04  |grad|=1.117
[step 1302] loss=1.8365  lr=1.11e-04  |grad|=1.055
[step 1303] loss=1.7748  lr=1.11e-04  |grad|=1.039
[step 1304] loss=1.8636  lr=1.10e-04  |grad|=1.039
[step 1305] loss=1.9912  lr=1.10e-04  |grad|=1.172
[step 1306] loss=1.7574  lr=1.10e-04  |grad|=1.070
[step 1307] loss=1.8692  lr=1.10e-04  |grad|=1.211
[step 1308] loss=2.0615  lr=1.10e-04  |grad|=1.125
[step 1309] loss=1.8733  lr=1.09e-04  |grad|=1.133
[step 1310] loss=1.9813  lr=1.09e-04  |grad|=1.250
[step 1311] loss=1.8647  lr=1.09e-04  |grad|=1.094
[step 1312] loss=2.1110  lr=1.09e-04  |grad|=1.094
[step 1313] loss=1.8684  lr=1.09e-04  |grad|=1.008
[step 1314] loss=2.0134  lr=1.08e-04  |grad|=1.023
[step 1315] loss=2.0286  lr=1.08e-04  |grad|=1.141
[step 1316] loss=1.9562  lr=1.08e-04  |grad|=1.312
[step 1317] loss=1.7068  lr=1.08e-04  |grad|=1.117
[step 1318] loss=2.1470  lr=1.08e-04  |grad|=1.227
[step 1319] loss=1.9101  lr=1.07e-04  |grad|=1.094
[step 1320] loss=1.7757  lr=1.07e-04  |grad|=1.070
[step 1321] loss=1.6759  lr=1.07e-04  |grad|=1.094
[step 1322] loss=1.9499  lr=1.07e-04  |grad|=1.133
[step 1323] loss=1.7858  lr=1.07e-04  |grad|=1.086
[step 1324] loss=2.2200  lr=1.07e-04  |grad|=1.242
[step 1325] loss=1.7433  lr=1.06e-04  |grad|=1.125
[step 1326] loss=1.7220  lr=1.06e-04  |grad|=1.070
[step 1327] loss=2.1126  lr=1.06e-04  |grad|=1.102
[step 1328] loss=1.9537  lr=1.06e-04  |grad|=1.180
[step 1329] loss=2.2591  lr=1.06e-04  |grad|=1.203
[step 1330] loss=1.9335  lr=1.06e-04  |grad|=1.062
[step 1331] loss=1.8595  lr=1.05e-04  |grad|=1.305
[step 1332] loss=1.8119  lr=1.05e-04  |grad|=1.055
[step 1333] loss=1.8659  lr=1.05e-04  |grad|=1.023
[step 1334] loss=2.0599  lr=1.05e-04  |grad|=1.211
[step 1335] loss=1.9930  lr=1.05e-04  |grad|=1.047
[step 1336] loss=1.8877  lr=1.05e-04  |grad|=1.180
[step 1337] loss=1.9449  lr=1.05e-04  |grad|=1.156
[step 1338] loss=1.8424  lr=1.04e-04  |grad|=1.164
[step 1339] loss=1.9073  lr=1.04e-04  |grad|=1.062
[step 1340] loss=1.6131  lr=1.04e-04  |grad|=1.078
[step 1341] loss=1.6865  lr=1.04e-04  |grad|=1.070
[step 1342] loss=1.9042  lr=1.04e-04  |grad|=1.375
[step 1343] loss=2.1067  lr=1.04e-04  |grad|=1.430
[step 1344] loss=1.9847  lr=1.04e-04  |grad|=1.117
[step 1345] loss=1.9699  lr=1.03e-04  |grad|=1.086
[step 1346] loss=1.9571  lr=1.03e-04  |grad|=1.047
[step 1347] loss=2.0811  lr=1.03e-04  |grad|=1.250
[step 1348] loss=1.8343  lr=1.03e-04  |grad|=1.023
[step 1349] loss=1.9344  lr=1.03e-04  |grad|=1.180
[step 1350] loss=2.0417  lr=1.03e-04  |grad|=1.320
[step 1351] loss=1.9625  lr=1.03e-04  |grad|=1.250
[step 1352] loss=2.0034  lr=1.03e-04  |grad|=1.188
[step 1353] loss=2.0214  lr=1.03e-04  |grad|=1.125
[step 1354] loss=2.0305  lr=1.02e-04  |grad|=1.250
[step 1355] loss=1.8849  lr=1.02e-04  |grad|=1.227
[step 1356] loss=1.9128  lr=1.02e-04  |grad|=1.141
[step 1357] loss=1.8131  lr=1.02e-04  |grad|=1.133
[step 1358] loss=2.0085  lr=1.02e-04  |grad|=1.148
[step 1359] loss=1.8735  lr=1.02e-04  |grad|=1.094
[step 1360] loss=1.9841  lr=1.02e-04  |grad|=1.148
[step 1361] loss=2.0702  lr=1.02e-04  |grad|=1.234
[step 1362] loss=1.9254  lr=1.02e-04  |grad|=1.039
[step 1363] loss=1.8114  lr=1.02e-04  |grad|=1.117
[step 1364] loss=1.8185  lr=1.01e-04  |grad|=1.117
[step 1365] loss=2.2057  lr=1.01e-04  |grad|=1.336
[step 1366] loss=1.9467  lr=1.01e-04  |grad|=1.242
[step 1367] loss=2.2976  lr=1.01e-04  |grad|=1.211
[step 1368] loss=1.8342  lr=1.01e-04  |grad|=1.148
[step 1369] loss=1.8277  lr=1.01e-04  |grad|=1.070
[step 1370] loss=1.9323  lr=1.01e-04  |grad|=1.156
[step 1371] loss=1.9578  lr=1.01e-04  |grad|=1.047
[step 1372] loss=1.6723  lr=1.01e-04  |grad|=1.023
[step 1373] loss=1.9549  lr=1.01e-04  |grad|=1.039
[step 1374] loss=1.9673  lr=1.01e-04  |grad|=1.078
[step 1375] loss=1.9734  lr=1.01e-04  |grad|=1.117
[step 1376] loss=1.9485  lr=1.01e-04  |grad|=1.172
[step 1377] loss=1.8778  lr=1.01e-04  |grad|=0.988
[step 1378] loss=2.1111  lr=1.01e-04  |grad|=1.336
[step 1379] loss=1.9025  lr=1.01e-04  |grad|=1.133
[step 1380] loss=2.0979  lr=1.00e-04  |grad|=1.172
[step 1381] loss=1.7912  lr=1.00e-04  |grad|=1.117
[step 1382] loss=1.6565  lr=1.00e-04  |grad|=1.070
[step 1383] loss=1.8182  lr=1.00e-04  |grad|=1.156
[step 1384] loss=1.9872  lr=1.00e-04  |grad|=1.086
[step 1385] loss=1.6815  lr=1.00e-04  |grad|=0.984
[step 1386] loss=1.9526  lr=1.00e-04  |grad|=1.281
[step 1387] loss=2.0176  lr=1.00e-04  |grad|=1.148
[step 1388] loss=2.0425  lr=1.00e-04  |grad|=1.211
[step 1389] loss=1.8788  lr=1.00e-04  |grad|=1.039
[step 1390] loss=1.8735  lr=1.00e-04  |grad|=1.055
[step 1391] loss=1.8008  lr=1.00e-04  |grad|=1.062
[step 1392] loss=1.7511  lr=1.00e-04  |grad|=1.086
[step 1393] loss=1.9752  lr=1.00e-04  |grad|=1.062
[step 1394] loss=1.9323  lr=1.00e-04  |grad|=1.195
[step 1395] loss=1.9119  lr=1.00e-04  |grad|=1.250
[step 1396] loss=1.8939  lr=1.00e-04  |grad|=1.117
[step 1397] loss=1.8747  lr=1.00e-04  |grad|=1.047
[step 1398] loss=1.9748  lr=1.00e-04  |grad|=1.125
[step 1399] loss=1.9102  lr=1.00e-04  |grad|=1.312
           └ val_loss=3.0288
[save] projector → checkpoints/projector_L14_qwen.pt
[done] 1400 steps in 1650.2s (1179 ms/step)
[loss] 首 3 步均值 6.1424 → 末 3 步均值 1.9199  (下降 68.7%)
[val] history:
       step 99: 3.2484
       step 199: 3.0406
       step 299: 3.0229
       step 399: 2.8882
       step 499: 3.0625
       step 599: 3.1577
       step 699: 3.1039
       step 799: 2.7802
       step 899: 2.8419
       step 999: 2.9655
       step 1099: 3.2247
       step 1199: 3.3438
       step 1299: 3.0994
       step 1399: 3.0288
[val] best=2.7802 (checkpoint 存 checkpoints/projector_L14_qwen_best.pt)
[vram] 峰值 9871 MB