[env] device=cuda, dtype=bf16
[model] projector trainable: 3.54M
[data]  5000 samples, batch=8, steps=300, lr=0.001
[step   0] loss=3.6326  lr=3.33e-04  |grad|=24.625
[step   1] loss=3.4380  lr=6.67e-04  |grad|=25.125
[step   2] loss=3.8094  lr=1.00e-03  |grad|=20.000
[step   3] loss=3.6450  lr=1.00e-03  |grad|=51.250
[step   4] loss=3.4579  lr=1.00e-03  |grad|=4.844
[step   5] loss=3.5806  lr=1.00e-03  |grad|=2.688
[step   6] loss=3.5154  lr=1.00e-03  |grad|=2.562
[step   7] loss=3.2259  lr=1.00e-03  |grad|=2.766
[step   8] loss=3.7827  lr=9.99e-04  |grad|=18.500
[step   9] loss=3.5771  lr=9.99e-04  |grad|=3.609
[step  10] loss=3.6179  lr=9.99e-04  |grad|=7.906
[step  11] loss=3.8801  lr=9.98e-04  |grad|=5.625
[step  12] loss=3.5716  lr=9.98e-04  |grad|=14.188
[step  13] loss=3.7186  lr=9.97e-04  |grad|=5.125
[step  14] loss=3.0417  lr=9.97e-04  |grad|=2.188
[step  15] loss=3.5878  lr=9.96e-04  |grad|=1.633
[step  16] loss=3.0150  lr=9.96e-04  |grad|=1.102
[step  17] loss=3.3805  lr=9.95e-04  |grad|=2.297
[step  18] loss=3.3493  lr=9.94e-04  |grad|=1.375
[step  19] loss=3.4221  lr=9.94e-04  |grad|=1.008
[step  20] loss=3.1241  lr=9.93e-04  |grad|=0.773
[step  21] loss=2.9986  lr=9.92e-04  |grad|=0.902
[step  22] loss=3.3353  lr=9.91e-04  |grad|=0.883
[step  23] loss=2.9613  lr=9.90e-04  |grad|=0.555
[step  24] loss=3.1767  lr=9.89e-04  |grad|=0.746
[step  25] loss=3.1372  lr=9.88e-04  |grad|=0.371
[step  26] loss=3.0013  lr=9.87e-04  |grad|=0.730
[step  27] loss=3.0486  lr=9.86e-04  |grad|=0.416
[step  28] loss=3.0733  lr=9.84e-04  |grad|=0.453
[step  29] loss=2.7293  lr=9.83e-04  |grad|=0.352
[step  30] loss=3.1418  lr=9.82e-04  |grad|=0.408
[step  31] loss=3.3676  lr=9.80e-04  |grad|=0.389
[step  32] loss=3.1213  lr=9.79e-04  |grad|=0.387
[step  33] loss=2.7732  lr=9.78e-04  |grad|=0.318
[step  34] loss=3.0721  lr=9.76e-04  |grad|=0.652
[step  35] loss=3.0223  lr=9.74e-04  |grad|=0.605
[step  36] loss=3.4549  lr=9.73e-04  |grad|=0.393
[step  37] loss=2.7713  lr=9.71e-04  |grad|=0.266
[step  38] loss=3.4262  lr=9.70e-04  |grad|=0.432
[step  39] loss=3.2261  lr=9.68e-04  |grad|=0.438
[step  40] loss=2.8967  lr=9.66e-04  |grad|=0.512
[step  41] loss=3.4517  lr=9.64e-04  |grad|=0.383
[step  42] loss=3.4662  lr=9.62e-04  |grad|=0.451
[step  43] loss=2.8024  lr=9.60e-04  |grad|=0.309
[step  44] loss=2.7104  lr=9.58e-04  |grad|=0.486
[step  45] loss=2.8453  lr=9.56e-04  |grad|=0.408
[step  46] loss=2.6282  lr=9.54e-04  |grad|=0.303
[step  47] loss=3.1218  lr=9.52e-04  |grad|=0.523
[step  48] loss=3.1319  lr=9.50e-04  |grad|=0.412
[step  49] loss=3.0419  lr=9.48e-04  |grad|=0.406
[step  50] loss=3.0637  lr=9.46e-04  |grad|=0.486
[step  51] loss=3.1806  lr=9.43e-04  |grad|=0.428
[step  52] loss=3.4160  lr=9.41e-04  |grad|=0.373
[step  53] loss=2.9174  lr=9.39e-04  |grad|=0.307
[step  54] loss=3.0603  lr=9.36e-04  |grad|=0.361
[step  55] loss=3.0058  lr=9.34e-04  |grad|=0.338
[step  56] loss=2.6958  lr=9.31e-04  |grad|=0.340
[step  57] loss=3.1950  lr=9.29e-04  |grad|=0.363
[step  58] loss=3.0055  lr=9.26e-04  |grad|=0.285
[step  59] loss=2.9152  lr=9.23e-04  |grad|=0.467
[step  60] loss=2.7687  lr=9.21e-04  |grad|=0.406
[step  61] loss=3.1533  lr=9.18e-04  |grad|=0.307
[step  62] loss=2.9848  lr=9.15e-04  |grad|=0.398
[step  63] loss=3.2785  lr=9.12e-04  |grad|=0.373
[step  64] loss=2.9343  lr=9.10e-04  |grad|=0.320
[step  65] loss=3.1240  lr=9.07e-04  |grad|=0.369
[step  66] loss=3.0108  lr=9.04e-04  |grad|=0.398
[step  67] loss=2.6174  lr=9.01e-04  |grad|=0.318
[step  68] loss=2.8501  lr=8.98e-04  |grad|=0.350
[step  69] loss=2.9246  lr=8.95e-04  |grad|=0.305
[step  70] loss=2.6684  lr=8.92e-04  |grad|=0.250
[step  71] loss=3.1259  lr=8.89e-04  |grad|=0.410
[step  72] loss=2.9378  lr=8.85e-04  |grad|=0.281
[step  73] loss=3.1673  lr=8.82e-04  |grad|=0.334
[step  74] loss=3.0738  lr=8.79e-04  |grad|=0.352
[step  75] loss=2.8054  lr=8.76e-04  |grad|=0.402
[step  76] loss=3.0395  lr=8.72e-04  |grad|=0.436
[step  77] loss=2.9136  lr=8.69e-04  |grad|=0.389
[step  78] loss=2.8378  lr=8.66e-04  |grad|=0.324
[step  79] loss=2.8795  lr=8.62e-04  |grad|=0.463
[step  80] loss=3.0259  lr=8.59e-04  |grad|=0.398
[step  81] loss=3.3427  lr=8.55e-04  |grad|=0.322
[step  82] loss=2.8678  lr=8.52e-04  |grad|=0.445
[step  83] loss=3.0990  lr=8.48e-04  |grad|=0.406
[step  84] loss=3.2368  lr=8.45e-04  |grad|=0.500
[step  85] loss=2.7648  lr=8.41e-04  |grad|=0.311
[step  86] loss=3.0853  lr=8.37e-04  |grad|=0.361
[step  87] loss=2.7500  lr=8.34e-04  |grad|=0.471
[step  88] loss=2.6894  lr=8.30e-04  |grad|=0.361
[step  89] loss=2.5989  lr=8.26e-04  |grad|=0.428
[step  90] loss=2.9978  lr=8.23e-04  |grad|=0.453
[step  91] loss=2.9672  lr=8.19e-04  |grad|=0.586
[step  92] loss=3.0107  lr=8.15e-04  |grad|=0.320
[step  93] loss=3.2658  lr=8.11e-04  |grad|=0.527
[step  94] loss=3.1295  lr=8.07e-04  |grad|=0.389
[step  95] loss=2.8578  lr=8.03e-04  |grad|=0.455
[step  96] loss=2.9617  lr=7.99e-04  |grad|=0.398
[step  97] loss=2.6829  lr=7.95e-04  |grad|=0.385
[step  98] loss=2.9179  lr=7.91e-04  |grad|=0.309
[step  99] loss=2.7351  lr=7.87e-04  |grad|=0.387
[step 100] loss=2.8232  lr=7.83e-04  |grad|=0.406
[step 101] loss=2.6459  lr=7.79e-04  |grad|=0.373
[step 102] loss=2.9566  lr=7.75e-04  |grad|=0.363
[step 103] loss=3.3335  lr=7.71e-04  |grad|=0.486
[step 104] loss=2.8062  lr=7.67e-04  |grad|=0.482
[step 105] loss=2.7780  lr=7.63e-04  |grad|=0.445
[step 106] loss=3.1570  lr=7.58e-04  |grad|=0.707
[step 107] loss=2.5383  lr=7.54e-04  |grad|=0.467
[step 108] loss=2.8297  lr=7.50e-04  |grad|=0.438
[step 109] loss=2.8842  lr=7.46e-04  |grad|=0.350
[step 110] loss=2.7664  lr=7.41e-04  |grad|=0.412
[step 111] loss=2.6638  lr=7.37e-04  |grad|=0.439
[step 112] loss=3.2605  lr=7.33e-04  |grad|=0.574
[step 113] loss=3.5397  lr=7.28e-04  |grad|=0.484
[step 114] loss=3.1632  lr=7.24e-04  |grad|=0.330
[step 115] loss=2.9537  lr=7.19e-04  |grad|=0.383
[step 116] loss=2.9200  lr=7.15e-04  |grad|=0.684
[step 117] loss=2.8266  lr=7.11e-04  |grad|=0.463
[step 118] loss=2.7694  lr=7.06e-04  |grad|=0.555
[step 119] loss=3.1562  lr=7.02e-04  |grad|=0.512
[step 120] loss=2.7341  lr=6.97e-04  |grad|=0.336
[step 121] loss=2.9028  lr=6.93e-04  |grad|=0.656
[step 122] loss=2.9210  lr=6.88e-04  |grad|=0.498
[step 123] loss=2.8641  lr=6.84e-04  |grad|=0.539
[step 124] loss=2.8067  lr=6.79e-04  |grad|=0.582
[step 125] loss=2.4939  lr=6.74e-04  |grad|=0.516
[step 126] loss=2.6580  lr=6.70e-04  |grad|=0.477
[step 127] loss=2.9210  lr=6.65e-04  |grad|=0.467
[step 128] loss=3.0232  lr=6.61e-04  |grad|=0.498
[step 129] loss=3.0302  lr=6.56e-04  |grad|=0.371
[step 130] loss=3.0171  lr=6.51e-04  |grad|=0.523
[step 131] loss=3.1470  lr=6.47e-04  |grad|=0.508
[step 132] loss=2.9857  lr=6.42e-04  |grad|=0.445
[step 133] loss=2.5898  lr=6.37e-04  |grad|=0.379
[step 134] loss=2.5295  lr=6.33e-04  |grad|=0.424
[step 135] loss=2.7850  lr=6.28e-04  |grad|=0.418
[step 136] loss=2.7886  lr=6.23e-04  |grad|=0.447
[step 137] loss=3.0184  lr=6.19e-04  |grad|=0.410
[step 138] loss=2.5598  lr=6.14e-04  |grad|=0.414
[step 139] loss=2.8054  lr=6.09e-04  |grad|=0.418
[step 140] loss=2.8799  lr=6.05e-04  |grad|=0.402
[step 141] loss=2.7024  lr=6.00e-04  |grad|=0.428
[step 142] loss=2.4378  lr=5.95e-04  |grad|=0.379
[step 143] loss=2.8441  lr=5.90e-04  |grad|=0.617
[step 144] loss=2.7900  lr=5.86e-04  |grad|=0.430
[step 145] loss=2.5418  lr=5.81e-04  |grad|=0.428
[step 146] loss=2.8185  lr=5.76e-04  |grad|=0.475
[step 147] loss=2.4580  lr=5.71e-04  |grad|=0.566
[step 148] loss=3.4172  lr=5.67e-04  |grad|=0.359
[step 149] loss=2.9844  lr=5.62e-04  |grad|=0.543
[step 150] loss=2.5694  lr=5.57e-04  |grad|=0.457
[step 151] loss=2.5252  lr=5.52e-04  |grad|=0.582
[step 152] loss=2.8251  lr=5.48e-04  |grad|=0.656
[step 153] loss=2.6739  lr=5.43e-04  |grad|=0.457
[step 154] loss=2.8029  lr=5.38e-04  |grad|=0.373
[step 155] loss=2.4499  lr=5.33e-04  |grad|=0.443
[step 156] loss=2.5682  lr=5.29e-04  |grad|=0.486
[step 157] loss=2.4770  lr=5.24e-04  |grad|=0.566
[step 158] loss=2.4403  lr=5.19e-04  |grad|=0.570
[step 159] loss=2.9765  lr=5.14e-04  |grad|=0.613
[step 160] loss=2.8380  lr=5.10e-04  |grad|=0.570
[step 161] loss=3.1985  lr=5.05e-04  |grad|=0.498
[step 162] loss=2.6002  lr=5.00e-04  |grad|=0.447
[step 163] loss=2.5908  lr=4.95e-04  |grad|=0.590
[step 164] loss=3.1629  lr=4.91e-04  |grad|=0.684
[step 165] loss=2.5226  lr=4.86e-04  |grad|=0.641
[step 166] loss=2.8546  lr=4.81e-04  |grad|=0.785
[step 167] loss=3.0930  lr=4.77e-04  |grad|=0.859
[step 168] loss=3.4210  lr=4.72e-04  |grad|=0.461
[step 169] loss=2.7190  lr=4.67e-04  |grad|=0.389
[step 170] loss=2.6814  lr=4.63e-04  |grad|=0.387
[step 171] loss=2.7170  lr=4.58e-04  |grad|=0.523
[step 172] loss=2.8013  lr=4.53e-04  |grad|=0.385
[step 173] loss=2.3374  lr=4.49e-04  |grad|=0.455
[step 174] loss=2.9712  lr=4.44e-04  |grad|=0.691
[step 175] loss=2.9173  lr=4.39e-04  |grad|=0.447
[step 176] loss=2.8455  lr=4.35e-04  |grad|=0.504
[step 177] loss=2.7599  lr=4.30e-04  |grad|=0.500
[step 178] loss=2.7127  lr=4.26e-04  |grad|=0.373
[step 179] loss=3.3062  lr=4.21e-04  |grad|=0.656
[step 180] loss=3.0698  lr=4.16e-04  |grad|=0.408
[step 181] loss=2.4496  lr=4.12e-04  |grad|=0.535
[step 182] loss=2.4840  lr=4.07e-04  |grad|=0.434
[step 183] loss=2.4382  lr=4.03e-04  |grad|=0.434
[step 184] loss=2.8042  lr=3.98e-04  |grad|=0.523
[step 185] loss=3.0148  lr=3.94e-04  |grad|=0.490
[step 186] loss=2.7070  lr=3.89e-04  |grad|=0.742
[step 187] loss=2.6427  lr=3.85e-04  |grad|=0.641
[step 188] loss=2.7443  lr=3.81e-04  |grad|=0.676
[step 189] loss=2.9537  lr=3.76e-04  |grad|=0.785
[step 190] loss=3.0874  lr=3.72e-04  |grad|=0.531
[step 191] loss=2.7895  lr=3.67e-04  |grad|=0.520
[step 192] loss=2.5918  lr=3.63e-04  |grad|=0.441
[step 193] loss=2.5070  lr=3.59e-04  |grad|=0.594
[step 194] loss=2.8312  lr=3.54e-04  |grad|=0.516
[step 195] loss=2.1669  lr=3.50e-04  |grad|=0.660
[step 196] loss=2.6896  lr=3.46e-04  |grad|=0.523
[step 197] loss=2.9979  lr=3.42e-04  |grad|=0.625
[step 198] loss=2.9916  lr=3.37e-04  |grad|=0.664
[step 199] loss=2.3284  lr=3.33e-04  |grad|=0.766
[step 200] loss=2.9747  lr=3.29e-04  |grad|=0.465
[step 201] loss=2.5458  lr=3.25e-04  |grad|=0.498
[step 202] loss=2.8519  lr=3.21e-04  |grad|=0.480
[step 203] loss=2.8060  lr=3.17e-04  |grad|=0.459
[step 204] loss=2.8427  lr=3.13e-04  |grad|=0.566
[step 205] loss=2.9961  lr=3.09e-04  |grad|=0.551
[step 206] loss=2.7068  lr=3.05e-04  |grad|=0.488
[step 207] loss=2.1721  lr=3.01e-04  |grad|=0.488
[step 208] loss=2.7996  lr=2.97e-04  |grad|=0.471
[step 209] loss=2.8915  lr=2.93e-04  |grad|=0.559
[step 210] loss=2.8729  lr=2.89e-04  |grad|=0.447
[step 211] loss=2.8140  lr=2.85e-04  |grad|=0.490
[step 212] loss=2.8765  lr=2.81e-04  |grad|=0.727
[step 213] loss=2.5476  lr=2.77e-04  |grad|=0.531
[step 214] loss=2.8778  lr=2.74e-04  |grad|=0.453
[step 215] loss=2.8607  lr=2.70e-04  |grad|=0.609
[step 216] loss=2.8683  lr=2.66e-04  |grad|=0.484
[step 217] loss=3.0487  lr=2.63e-04  |grad|=0.637
[step 218] loss=3.0797  lr=2.59e-04  |grad|=0.555
[step 219] loss=2.3245  lr=2.55e-04  |grad|=0.582
[step 220] loss=2.3262  lr=2.52e-04  |grad|=0.684
[step 221] loss=3.1053  lr=2.48e-04  |grad|=0.486
[step 222] loss=2.8054  lr=2.45e-04  |grad|=0.473
[step 223] loss=2.7759  lr=2.41e-04  |grad|=0.535
[step 224] loss=2.8683  lr=2.38e-04  |grad|=0.590
[step 225] loss=3.2065  lr=2.34e-04  |grad|=0.926
[step 226] loss=3.1037  lr=2.31e-04  |grad|=0.527
[step 227] loss=3.0713  lr=2.28e-04  |grad|=0.562
[step 228] loss=2.8917  lr=2.24e-04  |grad|=0.660
[step 229] loss=2.9470  lr=2.21e-04  |grad|=0.543
[step 230] loss=2.9058  lr=2.18e-04  |grad|=0.598
[step 231] loss=3.0460  lr=2.15e-04  |grad|=0.699
[step 232] loss=2.9116  lr=2.11e-04  |grad|=0.490
[step 233] loss=2.5120  lr=2.08e-04  |grad|=0.672
[step 234] loss=2.7208  lr=2.05e-04  |grad|=0.711
[step 235] loss=2.6037  lr=2.02e-04  |grad|=0.453
[step 236] loss=2.6736  lr=1.99e-04  |grad|=0.455
[step 237] loss=3.0648  lr=1.96e-04  |grad|=0.463
[step 238] loss=2.5886  lr=1.93e-04  |grad|=0.621
[step 239] loss=2.5186  lr=1.90e-04  |grad|=0.578
[step 240] loss=2.9686  lr=1.88e-04  |grad|=0.508
[step 241] loss=2.5848  lr=1.85e-04  |grad|=0.785
[step 242] loss=2.7306  lr=1.82e-04  |grad|=0.441
[step 243] loss=2.3482  lr=1.79e-04  |grad|=0.445
[step 244] loss=2.6243  lr=1.77e-04  |grad|=0.641
[step 245] loss=3.0077  lr=1.74e-04  |grad|=0.551
[step 246] loss=3.0882  lr=1.71e-04  |grad|=0.455
[step 247] loss=3.0062  lr=1.69e-04  |grad|=0.633
[step 248] loss=2.4125  lr=1.66e-04  |grad|=0.492
[step 249] loss=2.6121  lr=1.64e-04  |grad|=0.494
[step 250] loss=2.6752  lr=1.61e-04  |grad|=0.504
[step 251] loss=2.6295  lr=1.59e-04  |grad|=0.520
[step 252] loss=2.6117  lr=1.57e-04  |grad|=0.543
[step 253] loss=2.7091  lr=1.54e-04  |grad|=0.566
[step 254] loss=2.5559  lr=1.52e-04  |grad|=0.570
[step 255] loss=3.1529  lr=1.50e-04  |grad|=0.486
[step 256] loss=2.6226  lr=1.48e-04  |grad|=0.684
[step 257] loss=3.5948  lr=1.46e-04  |grad|=0.641
[step 258] loss=2.6161  lr=1.44e-04  |grad|=0.594
[step 259] loss=2.5609  lr=1.42e-04  |grad|=0.648
[step 260] loss=2.4070  lr=1.40e-04  |grad|=0.629
[step 261] loss=2.5167  lr=1.38e-04  |grad|=0.508
[step 262] loss=2.2611  lr=1.36e-04  |grad|=0.578
[step 263] loss=2.4782  lr=1.34e-04  |grad|=0.586
[step 264] loss=3.0556  lr=1.32e-04  |grad|=0.926
[step 265] loss=2.7770  lr=1.30e-04  |grad|=0.471
[step 266] loss=2.5939  lr=1.29e-04  |grad|=0.609
[step 267] loss=2.5884  lr=1.27e-04  |grad|=0.586
[step 268] loss=3.0942  lr=1.26e-04  |grad|=1.000
[step 269] loss=2.9588  lr=1.24e-04  |grad|=0.605
[step 270] loss=2.7581  lr=1.22e-04  |grad|=0.633
[step 271] loss=2.6916  lr=1.21e-04  |grad|=0.789
[step 272] loss=2.9756  lr=1.20e-04  |grad|=0.617
[step 273] loss=2.6534  lr=1.18e-04  |grad|=0.551
[step 274] loss=2.5970  lr=1.17e-04  |grad|=0.629
[step 275] loss=2.5469  lr=1.16e-04  |grad|=0.656
[step 276] loss=2.5310  lr=1.14e-04  |grad|=0.520
[step 277] loss=2.5328  lr=1.13e-04  |grad|=0.531
[step 278] loss=2.6309  lr=1.12e-04  |grad|=0.758
[step 279] loss=2.4186  lr=1.11e-04  |grad|=0.645
[step 280] loss=3.2443  lr=1.10e-04  |grad|=0.633
[step 281] loss=2.6435  lr=1.09e-04  |grad|=0.645
[step 282] loss=2.5710  lr=1.08e-04  |grad|=0.613
[step 283] loss=2.7731  lr=1.07e-04  |grad|=0.598
[step 284] loss=3.0961  lr=1.06e-04  |grad|=0.648
[step 285] loss=2.5796  lr=1.06e-04  |grad|=0.590
[step 286] loss=2.5835  lr=1.05e-04  |grad|=0.613
[step 287] loss=2.7923  lr=1.04e-04  |grad|=0.582
[step 288] loss=2.7346  lr=1.04e-04  |grad|=0.621
[step 289] loss=3.1010  lr=1.03e-04  |grad|=0.594
[step 290] loss=3.1210  lr=1.03e-04  |grad|=0.672
[step 291] loss=2.5899  lr=1.02e-04  |grad|=0.496
[step 292] loss=2.5576  lr=1.02e-04  |grad|=0.508
[step 293] loss=3.2675  lr=1.01e-04  |grad|=0.691
[step 294] loss=2.2318  lr=1.01e-04  |grad|=0.582
[step 295] loss=2.4815  lr=1.01e-04  |grad|=0.482
[step 296] loss=2.6843  lr=1.00e-04  |grad|=0.523
[step 297] loss=2.6586  lr=1.00e-04  |grad|=0.566
[step 298] loss=2.8373  lr=1.00e-04  |grad|=0.578
[step 299] loss=2.7861  lr=1.00e-04  |grad|=0.719
[save] projector → checkpoints\projector_flickr1k.pt
[done] 300 steps in 349.6s (1165 ms/step)
[loss] 首 3 步均值 3.6267 → 末 3 步均值 2.7607  (下降 23.9%)
[vram] 峰值 2668 MB